-> client GET /sso/Login?forwardTo=22&RL=1&ip2loc=US, redirectTo /sso/Login?forwardTo=22&RL=1&ip2loc=US
<- 200 GET /sso/Login?forwardTo=22&RL=1&ip2loc=US
-> client GET /stylesheet/web/ib-common.css, redirectTo /stylesheet/web/ib-common.css
-> client GET /stylesheet/web/login.css, redirectTo /stylesheet/web/login.css
-> client GET /stylesheet/web/bootstrap.v3.3.6.css, redirectTo /stylesheet/web/bootstrap.v3.3.6.css
-> client GET /stylesheet/web/bootstrap-switch.v3.3.2.min.css, redirectTo /stylesheet/web/bootstrap-switch.v3.3.2.min.css
-> client GET /stylesheet/web/font-awesome.v4.7.0.css, redirectTo /stylesheet/web/font-awesome.v4.7.0.css
-> client GET /stylesheet/web/switchery.min.css, redirectTo /stylesheet/web/switchery.min.css
<- 200 GET /stylesheet/web/ib-common.css
<- 200 GET /stylesheet/web/login.css
-> client GET /sso/Login?forwardTo=22&RL=1&ip2loc=US, redirectTo /sso/Login?forwardTo=22&RL=1&ip2loc=US
<- 200 GET /stylesheet/web/bootstrap-switch.v3.3.2.min.css
<- 200 GET /stylesheet/web/bootstrap.v3.3.6.css
<- 200 GET /stylesheet/web/font-awesome.v4.7.0.css
<- 200 GET /stylesheet/web/switchery.min.css
-> client GET /scripts/common/js/2015/jquery.min.js, redirectTo /scripts/common/js/2015/jquery.min.js
-> client GET /scripts/common/js/jquery-ui-1.12.1.min.js, redirectTo /scripts/common/js/jquery-ui-1.12.1.min.js
-> client GET /scripts/common/js/2015/bootstrap.min.js, redirectTo /scripts/common/js/2015/bootstrap.min.js
<- 200 GET /scripts/common/js/2015/jquery.min.js
<- 200 GET /scripts/common/js/jquery-ui-1.12.1.min.js
<- 200 GET /sso/Login?forwardTo=22&RL=1&ip2loc=US
-> client GET /scripts/common/js/2015/bootstrap-switch.min.js, redirectTo /scripts/common/js/2015/bootstrap-switch.min.js
<- 200 GET /scripts/common/js/2015/bootstrap.min.js
-> client GET /stylesheet/web/bootstrap.v3.3.6.css, redirectTo /stylesheet/web/bootstrap.v3.3.6.css
-> client GET /stylesheet/web/bootstrap-switch.v3.3.2.min.css, redirectTo /stylesheet/web/bootstrap-switch.v3.3.2.min.css
<- 200 GET /scripts/common/js/2015/bootstrap-switch.min.js
-> client GET /stylesheet/web/font-awesome.v4.7.0.css, redirectTo /stylesheet/web/font-awesome.v4.7.0.css
<- 200 GET /stylesheet/web/bootstrap.v3.3.6.css
-> client GET /stylesheet/web/switchery.min.css, redirectTo /stylesheet/web/switchery.min.css
<- 200 GET /stylesheet/web/bootstrap-switch.v3.3.2.min.css
-> client GET /stylesheet/web/ib-common.css, redirectTo /stylesheet/web/ib-common.css
-> client GET /stylesheet/web/login.css, redirectTo /stylesheet/web/login.css
-> client GET /scripts/common/js/2015/jquery.min.js, redirectTo /scripts/common/js/2015/jquery.min.js
<- 200 GET /stylesheet/web/font-awesome.v4.7.0.css
<- 200 GET /stylesheet/web/switchery.min.css
-> client GET /scripts/common/js/jquery-ui-1.12.1.min.js, redirectTo /scripts/common/js/jquery-ui-1.12.1.min.js
-> client GET /scripts/common/js/switchery.min.js, redirectTo /scripts/common/js/switchery.min.js
<- 200 GET /stylesheet/web/ib-common.css
<- 200 GET /stylesheet/web/login.css
<- 200 GET /scripts/common/js/jquery-ui-1.12.1.min.js
<- 200 GET /scripts/common/js/2015/jquery.min.js
-> client GET /sso/CombineFiles, redirectTo /sso/CombineFiles
-> client GET /scripts/common/js/2015/bootstrap.min.js, redirectTo /scripts/common/js/2015/bootstrap.min.js
<- 200 GET /scripts/common/js/switchery.min.js
-> client GET /scripts/common/js/2015/bootstrap-switch.min.js, redirectTo /scripts/common/js/2015/bootstrap-switch.min.js
-> client GET /images/2015/btn-app-apple.png, redirectTo /images/2015/btn-app-apple.png
<- 200 GET /sso/CombineFiles
<- 200 GET /scripts/common/js/2015/bootstrap.min.js
-> client GET /images/2015/btn-app-google.png, redirectTo /images/2015/btn-app-google.png
-> client GET /images/2015/btn-app-tws.png, redirectTo /images/2015/btn-app-tws.png
<- 200 GET /scripts/common/js/2015/bootstrap-switch.min.js
-> client GET /scripts/common/js/switchery.min.js, redirectTo /scripts/common/js/switchery.min.js
<- 200 GET /images/2015/btn-app-apple.png
-> client GET /images/2015/btn-app-apple.png, redirectTo /images/2015/btn-app-apple.png
<- 200 GET /images/2015/btn-app-google.png
-> client GET /sso/CombineFiles, redirectTo /sso/CombineFiles
<- 200 GET /images/2015/btn-app-tws.png
-> client GET /images/2015/btn-app-google.png, redirectTo /images/2015/btn-app-google.png
-> client GET /images/2015/button_discover_apis.png, redirectTo /images/2015/button_discover_apis.png
<- 200 GET /images/2015/btn-app-apple.png
-> client GET /images/2015/btn-app-tws.png, redirectTo /images/2015/btn-app-tws.png
<- 200 GET /scripts/common/js/switchery.min.js
<- 200 GET /images/2015/btn-app-google.png
<- 200 GET /sso/CombineFiles
<- 200 GET /images/2015/btn-app-tws.png
<- 200 GET /images/2015/button_discover_apis.png
-> client GET /images/2015/button_discover_apis.png, redirectTo /images/2015/button_discover_apis.png
-> client GET /images/2015/template/logo-ib-ibkr-txtwht.svg, redirectTo /images/2015/template/logo-ib-ibkr-txtwht.svg
-> client GET /images/2015/template/logo-ib-ibkr-txtblk.svg, redirectTo /images/2015/template/logo-ib-ibkr-txtblk.svg
<- 200 GET /images/2015/button_discover_apis.png
<- 200 GET /images/2015/template/logo-ib-ibkr-txtwht.svg
-> client GET /fonts/Proxima-Nova-Semibold.woff2, redirectTo /fonts/Proxima-Nova-Semibold.woff2
-> client GET /fonts/Proxima-Nova-Regular.woff2, redirectTo /fonts/Proxima-Nova-Regular.woff2
-> client GET /fonts/Proxima-Nova-Light.woff2, redirectTo /fonts/Proxima-Nova-Light.woff2
-> client GET /fonts/fontawesome-webfont.woff2?v=4.6.1, redirectTo /fonts/fontawesome-webfont.woff2?v=4.6.1
<- 200 GET /images/2015/template/logo-ib-ibkr-txtblk.svg
<- 200 GET /fonts/Proxima-Nova-Regular.woff2
<- 200 GET /fonts/Proxima-Nova-Semibold.woff2
<- 200 GET /fonts/fontawesome-webfont.woff2?v=4.6.1
<- 200 GET /fonts/Proxima-Nova-Light.woff2
-> client POST /sso/Authenticator?53113, redirectTo /sso/Authenticator?53113
<- 200 POST /sso/Authenticator?53113
-> client POST /sso/Authenticator?83143, redirectTo /sso/Authenticator?83143
<- 200 POST /sso/Authenticator?83143
-> client POST /sso/Authenticator?46914, redirectTo /sso/Authenticator?46914
<- 200 POST /sso/Authenticator?46914
-> client POST /sso/Authenticator?23045, redirectTo /sso/Authenticator?23045
<- 200 POST /sso/Authenticator?23045
-> client POST /sso/Authenticator?48733, redirectTo /sso/Authenticator?48733
<- 200 POST /sso/Authenticator?48733
-> client POST /sso/Authenticator?92851, redirectTo /sso/Authenticator?92851
<- 200 POST /sso/Authenticator?92851
-> client POST /sso/Authenticator?81773, redirectTo /sso/Authenticator?81773
<- 200 POST /sso/Authenticator?81773
-> client POST /sso/Authenticator?53656, redirectTo /sso/Authenticator?53656
<- 200 POST /sso/Authenticator?53656
-> client POST /sso/Authenticator?82478, redirectTo /sso/Authenticator?82478
<- 200 POST /sso/Authenticator?82478
-> client POST /sso/Authenticator?55258, redirectTo /sso/Authenticator?55258
<- 200 POST /sso/Authenticator?55258
-> client POST /sso/Authenticator?68703, redirectTo /sso/Authenticator?68703
<- 200 POST /sso/Authenticator?68703
