-> client GET /sso/Login?forwardTo=22&RL=1&ip2loc=US, redirectTo /sso/Login?forwardTo=22&RL=1&ip2loc=US
<- 200 GET /sso/Login?forwardTo=22&RL=1&ip2loc=US
-> client GET /stylesheet/web/bootstrap.v3.3.6.css, redirectTo /stylesheet/web/bootstrap.v3.3.6.css
<- 200 GET /stylesheet/web/bootstrap.v3.3.6.css
-> client GET /stylesheet/web/login.css, redirectTo /stylesheet/web/login.css
-> client GET /stylesheet/web/bootstrap-switch.v3.3.2.min.css, redirectTo /stylesheet/web/bootstrap-switch.v3.3.2.min.css
-> client GET /stylesheet/web/font-awesome.v4.7.0.css, redirectTo /stylesheet/web/font-awesome.v4.7.0.css
-> client GET /stylesheet/web/switchery.min.css, redirectTo /stylesheet/web/switchery.min.css
-> client GET /stylesheet/web/ib-common.css, redirectTo /stylesheet/web/ib-common.css
-> client GET /scripts/common/js/2015/jquery.min.js, redirectTo /scripts/common/js/2015/jquery.min.js
<- 200 GET /stylesheet/web/ib-common.css
<- 200 GET /stylesheet/web/login.css
-> client GET /scripts/common/js/jquery-ui-1.12.1.min.js, redirectTo /scripts/common/js/jquery-ui-1.12.1.min.js
<- 200 GET /stylesheet/web/bootstrap-switch.v3.3.2.min.css
<- 200 GET /stylesheet/web/switchery.min.css
<- 200 GET /stylesheet/web/font-awesome.v4.7.0.css
-> client GET /scripts/common/js/2015/bootstrap.min.js, redirectTo /scripts/common/js/2015/bootstrap.min.js
<- 200 GET /scripts/common/js/2015/jquery.min.js
-> client GET /scripts/common/js/2015/bootstrap-switch.min.js, redirectTo /scripts/common/js/2015/bootstrap-switch.min.js
<- 200 GET /scripts/common/js/jquery-ui-1.12.1.min.js
-> client GET /scripts/common/js/switchery.min.js, redirectTo /scripts/common/js/switchery.min.js
-> client GET /sso/CombineFiles, redirectTo /sso/CombineFiles
<- 200 GET /scripts/common/js/2015/bootstrap.min.js
<- 200 GET /scripts/common/js/2015/bootstrap-switch.min.js
<- 200 GET /scripts/common/js/switchery.min.js
-> client GET /images/2015/btn-app-apple.png, redirectTo /images/2015/btn-app-apple.png
-> client GET /images/2015/btn-app-google.png, redirectTo /images/2015/btn-app-google.png
<- 200 GET /images/2015/btn-app-apple.png
<- 200 GET /sso/CombineFiles
<- 200 GET /images/2015/btn-app-google.png
-> client GET /images/2015/btn-app-tws.png, redirectTo /images/2015/btn-app-tws.png
-> client GET /images/2015/button_discover_apis.png, redirectTo /images/2015/button_discover_apis.png
<- 200 GET /images/2015/btn-app-tws.png
<- 200 GET /images/2015/button_discover_apis.png
-> client GET /images/2015/template/logo-ib-ibkr-txtwht.svg, redirectTo /images/2015/template/logo-ib-ibkr-txtwht.svg
<- 200 GET /images/2015/template/logo-ib-ibkr-txtwht.svg
-> client GET /images/2015/template/logo-ib-ibkr-txtblk.svg, redirectTo /images/2015/template/logo-ib-ibkr-txtblk.svg
-> client GET /fonts/Proxima-Nova-Light.woff2, redirectTo /fonts/Proxima-Nova-Light.woff2
<- 200 GET /images/2015/template/logo-ib-ibkr-txtblk.svg
-> client GET /fonts/fontawesome-webfont.woff2?v=4.6.1, redirectTo /fonts/fontawesome-webfont.woff2?v=4.6.1
-> client GET /fonts/Proxima-Nova-Semibold.woff2, redirectTo /fonts/Proxima-Nova-Semibold.woff2
-> client GET /fonts/Proxima-Nova-Regular.woff2, redirectTo /fonts/Proxima-Nova-Regular.woff2
<- 200 GET /fonts/Proxima-Nova-Semibold.woff2
<- 200 GET /fonts/Proxima-Nova-Regular.woff2
<- 200 GET /fonts/fontawesome-webfont.woff2?v=4.6.1
<- 200 GET /fonts/Proxima-Nova-Light.woff2
-> client POST /sso/Authenticator;jsessionid=0A2623DAE9E5831F53A3EE49320844DD.ny5wwwsso2?29937, redirectTo /sso/Authenticator;jsessionid=0A2623DAE9E5831F53A3EE49320844DD.ny5wwwsso2?29937
<- 200 POST /sso/Authenticator;jsessionid=0A2623DAE9E5831F53A3EE49320844DD.ny5wwwsso2?29937
-> client POST /sso/Authenticator;jsessionid=0A2623DAE9E5831F53A3EE49320844DD.ny5wwwsso2?25632, redirectTo /sso/Authenticator;jsessionid=0A2623DAE9E5831F53A3EE49320844DD.ny5wwwsso2?25632
<- 200 POST /sso/Authenticator;jsessionid=0A2623DAE9E5831F53A3EE49320844DD.ny5wwwsso2?25632
-> client POST /sso/Authenticator;jsessionid=0A2623DAE9E5831F53A3EE49320844DD.ny5wwwsso2?56763, redirectTo /sso/Authenticator;jsessionid=0A2623DAE9E5831F53A3EE49320844DD.ny5wwwsso2?56763
<- 200 POST /sso/Authenticator;jsessionid=0A2623DAE9E5831F53A3EE49320844DD.ny5wwwsso2?56763
-> client POST /sso/Authenticator;jsessionid=0A2623DAE9E5831F53A3EE49320844DD.ny5wwwsso2?20394, redirectTo /sso/Authenticator;jsessionid=0A2623DAE9E5831F53A3EE49320844DD.ny5wwwsso2?20394
<- 200 POST /sso/Authenticator;jsessionid=0A2623DAE9E5831F53A3EE49320844DD.ny5wwwsso2?20394
-> client POST /sso/Authenticator;jsessionid=0A2623DAE9E5831F53A3EE49320844DD.ny5wwwsso2?3950, redirectTo /sso/Authenticator;jsessionid=0A2623DAE9E5831F53A3EE49320844DD.ny5wwwsso2?3950
<- 200 POST /sso/Authenticator;jsessionid=0A2623DAE9E5831F53A3EE49320844DD.ny5wwwsso2?3950
-> client POST /sso/Authenticator;jsessionid=0A2623DAE9E5831F53A3EE49320844DD.ny5wwwsso2?18154, redirectTo /sso/Authenticator;jsessionid=0A2623DAE9E5831F53A3EE49320844DD.ny5wwwsso2?18154
<- 200 POST /sso/Authenticator;jsessionid=0A2623DAE9E5831F53A3EE49320844DD.ny5wwwsso2?18154
-> client POST /sso/Authenticator;jsessionid=0A2623DAE9E5831F53A3EE49320844DD.ny5wwwsso2?94112, redirectTo /sso/Authenticator;jsessionid=0A2623DAE9E5831F53A3EE49320844DD.ny5wwwsso2?94112
<- 200 POST /sso/Authenticator;jsessionid=0A2623DAE9E5831F53A3EE49320844DD.ny5wwwsso2?94112
-> client POST /sso/Authenticator;jsessionid=0A2623DAE9E5831F53A3EE49320844DD.ny5wwwsso2?23701, redirectTo /sso/Authenticator;jsessionid=0A2623DAE9E5831F53A3EE49320844DD.ny5wwwsso2?23701
<- 200 POST /sso/Authenticator;jsessionid=0A2623DAE9E5831F53A3EE49320844DD.ny5wwwsso2?23701
-> client POST /sso/Authenticator;jsessionid=0A2623DAE9E5831F53A3EE49320844DD.ny5wwwsso2?32977, redirectTo /sso/Authenticator;jsessionid=0A2623DAE9E5831F53A3EE49320844DD.ny5wwwsso2?32977
<- 200 POST /sso/Authenticator;jsessionid=0A2623DAE9E5831F53A3EE49320844DD.ny5wwwsso2?32977
-> client POST /sso/Authenticator;jsessionid=0A2623DAE9E5831F53A3EE49320844DD.ny5wwwsso2?5453, redirectTo /sso/Authenticator;jsessionid=0A2623DAE9E5831F53A3EE49320844DD.ny5wwwsso2?5453
<- 200 POST /sso/Authenticator;jsessionid=0A2623DAE9E5831F53A3EE49320844DD.ny5wwwsso2?5453
-> client POST /sso/Authenticator;jsessionid=0A2623DAE9E5831F53A3EE49320844DD.ny5wwwsso2?75963, redirectTo /sso/Authenticator;jsessionid=0A2623DAE9E5831F53A3EE49320844DD.ny5wwwsso2?75963
<- 200 POST /sso/Authenticator;jsessionid=0A2623DAE9E5831F53A3EE49320844DD.ny5wwwsso2?75963
-> client POST /sso/Authenticator;jsessionid=0A2623DAE9E5831F53A3EE49320844DD.ny5wwwsso2?79945, redirectTo /sso/Authenticator;jsessionid=0A2623DAE9E5831F53A3EE49320844DD.ny5wwwsso2?79945
<- 200 POST /sso/Authenticator;jsessionid=0A2623DAE9E5831F53A3EE49320844DD.ny5wwwsso2?79945
-> client POST /sso/Authenticator;jsessionid=0A2623DAE9E5831F53A3EE49320844DD.ny5wwwsso2?18795, redirectTo /sso/Authenticator;jsessionid=0A2623DAE9E5831F53A3EE49320844DD.ny5wwwsso2?18795
<- 200 POST /sso/Authenticator;jsessionid=0A2623DAE9E5831F53A3EE49320844DD.ny5wwwsso2?18795
-> client POST /sso/Authenticator;jsessionid=0A2623DAE9E5831F53A3EE49320844DD.ny5wwwsso2?93258, redirectTo /sso/Authenticator;jsessionid=0A2623DAE9E5831F53A3EE49320844DD.ny5wwwsso2?93258
<- 200 POST /sso/Authenticator;jsessionid=0A2623DAE9E5831F53A3EE49320844DD.ny5wwwsso2?93258
-> client POST /sso/Authenticator;jsessionid=0A2623DAE9E5831F53A3EE49320844DD.ny5wwwsso2?89373, redirectTo /sso/Authenticator;jsessionid=0A2623DAE9E5831F53A3EE49320844DD.ny5wwwsso2?89373
<- 200 POST /sso/Authenticator;jsessionid=0A2623DAE9E5831F53A3EE49320844DD.ny5wwwsso2?89373
-> client POST /sso/Authenticator;jsessionid=0A2623DAE9E5831F53A3EE49320844DD.ny5wwwsso2?22991, redirectTo /sso/Authenticator;jsessionid=0A2623DAE9E5831F53A3EE49320844DD.ny5wwwsso2?22991
<- 200 POST /sso/Authenticator;jsessionid=0A2623DAE9E5831F53A3EE49320844DD.ny5wwwsso2?22991
-> client POST /sso/Authenticator;jsessionid=0A2623DAE9E5831F53A3EE49320844DD.ny5wwwsso2?27999, redirectTo /sso/Authenticator;jsessionid=0A2623DAE9E5831F53A3EE49320844DD.ny5wwwsso2?27999
<- 200 POST /sso/Authenticator;jsessionid=0A2623DAE9E5831F53A3EE49320844DD.ny5wwwsso2?27999
-> client POST /sso/Authenticator;jsessionid=0A2623DAE9E5831F53A3EE49320844DD.ny5wwwsso2?40785, redirectTo /sso/Authenticator;jsessionid=0A2623DAE9E5831F53A3EE49320844DD.ny5wwwsso2?40785
<- 200 POST /sso/Authenticator;jsessionid=0A2623DAE9E5831F53A3EE49320844DD.ny5wwwsso2?40785
-> client POST /sso/Authenticator;jsessionid=0A2623DAE9E5831F53A3EE49320844DD.ny5wwwsso2?3443, redirectTo /sso/Authenticator;jsessionid=0A2623DAE9E5831F53A3EE49320844DD.ny5wwwsso2?3443
<- 200 POST /sso/Authenticator;jsessionid=0A2623DAE9E5831F53A3EE49320844DD.ny5wwwsso2?3443
-> client POST /sso/Authenticator;jsessionid=0A2623DAE9E5831F53A3EE49320844DD.ny5wwwsso2?23292, redirectTo /sso/Authenticator;jsessionid=0A2623DAE9E5831F53A3EE49320844DD.ny5wwwsso2?23292
<- 200 POST /sso/Authenticator;jsessionid=0A2623DAE9E5831F53A3EE49320844DD.ny5wwwsso2?23292
-> client POST /sso/Authenticator;jsessionid=0A2623DAE9E5831F53A3EE49320844DD.ny5wwwsso2?84150, redirectTo /sso/Authenticator;jsessionid=0A2623DAE9E5831F53A3EE49320844DD.ny5wwwsso2?84150
<- 200 POST /sso/Authenticator;jsessionid=0A2623DAE9E5831F53A3EE49320844DD.ny5wwwsso2?84150
-> client POST /sso/Authenticator;jsessionid=0A2623DAE9E5831F53A3EE49320844DD.ny5wwwsso2?20172, redirectTo /sso/Authenticator;jsessionid=0A2623DAE9E5831F53A3EE49320844DD.ny5wwwsso2?20172
<- 200 POST /sso/Authenticator;jsessionid=0A2623DAE9E5831F53A3EE49320844DD.ny5wwwsso2?20172
-> client POST /sso/Authenticator;jsessionid=0A2623DAE9E5831F53A3EE49320844DD.ny5wwwsso2?23144, redirectTo /sso/Authenticator;jsessionid=0A2623DAE9E5831F53A3EE49320844DD.ny5wwwsso2?23144
<- 200 POST /sso/Authenticator;jsessionid=0A2623DAE9E5831F53A3EE49320844DD.ny5wwwsso2?23144
-> client POST /sso/Dispatcher;jsessionid=0A2623DAE9E5831F53A3EE49320844DD.ny5wwwsso2, redirectTo /sso/Dispatcher;jsessionid=0A2623DAE9E5831F53A3EE49320844DD.ny5wwwsso2
<- 302 POST /sso/Dispatcher;jsessionid=0A2623DAE9E5831F53A3EE49320844DD.ny5wwwsso2
-> request: /portal.proxy/v1/portal/sso/validate?gw=1
-> request: /AccountManagement/OneBarAuthentication?json=1
-> GET /portal.proxy/v1/portal/sso/validate?gw=1,200|93ms
-> request: /portal.proxy/v1/portal/one/user
-> request: /sso/AuthenticateSSODH?ACTION=INIT
-> sso GET https://ndcdyn.interactivebrokers.com/sso/AuthenticateSSODH?ACTION=INIT
-> GET /portal.proxy/v1/portal/one/user,200|63ms
<- 200 GET https://ndcdyn.interactivebrokers.com/sso/AuthenticateSSODH?ACTION=INIT
-> request: /sso/AuthenticateSSODH?ACTION=COMPLETE&B=938d0838257d4dac8100c519b785b4a6099d2a446d5bbe2b8e0e62eaaca5cb3d5a7b4b41b60c7cdd83d67e06573889e3f0afaa04035cf2bf138f3f16bf98265a&CHRESPONSE=e84d4311754c86e3c9adb8dbc60e42deb551f7c1
-> sso GET https://ndcdyn.interactivebrokers.com/sso/AuthenticateSSODH?ACTION=COMPLETE&B=938d0838257d4dac8100c519b785b4a6099d2a446d5bbe2b8e0e62eaaca5cb3d5a7b4b41b60c7cdd83d67e06573889e3f0afaa04035cf2bf138f3f16bf98265a&CHRESPONSE=e84d4311754c86e3c9adb8dbc60e42deb551f7c1
-> GET /AccountManagement/OneBarAuthentication?json=1,200|387ms
-> request: /AccountManagement/OneBarPicker/Picker/Info
<- 200 GET https://ndcdyn.interactivebrokers.com/sso/AuthenticateSSODH?ACTION=COMPLETE&B=938d0838257d4dac8100c519b785b4a6099d2a446d5bbe2b8e0e62eaaca5cb3d5a7b4b41b60c7cdd83d67e06573889e3f0afaa04035cf2bf138f3f16bf98265a&CHRESPONSE=e84d4311754c86e3c9adb8dbc60e42deb551f7c1
-> GET /AccountManagement/OneBarPicker/Picker/Info,200|55ms
-> request: /AccountManagement/OneBarPicker/Picker/Data
-> GET /AccountManagement/OneBarPicker/Picker/Data,200|61ms
-> request: /portal.proxy/v1/portal/iserver/auth/status
-> GET /portal.proxy/v1/portal/iserver/auth/status,200|45ms
-> request: /portal.proxy/v1/portal/iserver/auth/ssodh/init
-> POST https://ndcdyn.interactivebrokers.com/portal.proxy/v1/portal/iserver/auth/ssodh/init,200|440ms
-> request: /portal.proxy/v1/portal/iserver/auth/ssodh/response
-> POST https://ndcdyn.interactivebrokers.com/portal.proxy/v1/portal/iserver/auth/ssodh/response,200|46ms
-> request: /portal.proxy/v1/portal/iserver/accounts
-> GET /portal.proxy/v1/portal/iserver/accounts,200|36ms
-> request: /portal.proxy/v1/portal/tickle
-> request: /portal.proxy/v1/portal/iserver/auth/status
-> GET /portal.proxy/v1/portal/tickle,200|112ms
-> GET /portal.proxy/v1/portal/iserver/auth/status,200|118ms
-> request: /portal.proxy/v1/portal/iserver/accounts
-> GET /portal.proxy/v1/portal/iserver/accounts,200|36ms
-> request: /portal.proxy/v1/portal/tickle
-> request: /portal.proxy/v1/portal/iserver/auth/status
-> GET /portal.proxy/v1/portal/tickle,200|116ms
-> GET /portal.proxy/v1/portal/iserver/auth/status,200|151ms
-> request: /portal.proxy/v1/portal/iserver/accounts
-> GET /portal.proxy/v1/portal/iserver/accounts,200|46ms
-> request: /portal.proxy/v1/portal/tickle
-> request: /portal.proxy/v1/portal/iserver/auth/status
-> GET /portal.proxy/v1/portal/tickle,200|124ms
-> GET /portal.proxy/v1/portal/iserver/auth/status,200|144ms
-> request: /portal.proxy/v1/portal/iserver/accounts
-> GET /portal.proxy/v1/portal/iserver/accounts,200|51ms
-> request: /portal.proxy/v1/portal/tickle
-> request: /portal.proxy/v1/portal/iserver/auth/status
-> GET /portal.proxy/v1/portal/tickle,200|140ms
-> GET /portal.proxy/v1/portal/iserver/auth/status,200|141ms
-> request: /portal.proxy/v1/portal/iserver/accounts
-> GET /portal.proxy/v1/portal/iserver/accounts,200|36ms
-> request: /portal.proxy/v1/portal/tickle
-> request: /portal.proxy/v1/portal/iserver/auth/status
-> GET /portal.proxy/v1/portal/tickle,200|125ms
-> GET /portal.proxy/v1/portal/iserver/auth/status,200|133ms
-> request: /portal.proxy/v1/portal/iserver/accounts
-> GET /portal.proxy/v1/portal/iserver/accounts,200|34ms
-> request: /portal.proxy/v1/portal/tickle
-> request: /portal.proxy/v1/portal/iserver/auth/status
-> GET /portal.proxy/v1/portal/tickle,200|119ms
-> GET /portal.proxy/v1/portal/iserver/auth/status,200|122ms
-> request: /portal.proxy/v1/portal/iserver/accounts
-> GET /portal.proxy/v1/portal/iserver/accounts,200|35ms
-> request: /portal.proxy/v1/portal/tickle
-> request: /portal.proxy/v1/portal/iserver/auth/status
-> GET /portal.proxy/v1/portal/tickle,200|120ms
-> GET /portal.proxy/v1/portal/iserver/auth/status,200|129ms
-> request: /portal.proxy/v1/portal/iserver/accounts
-> GET /portal.proxy/v1/portal/iserver/accounts,200|33ms
-> request: /portal.proxy/v1/portal/tickle
-> request: /portal.proxy/v1/portal/iserver/auth/status
-> GET /portal.proxy/v1/portal/iserver/auth/status,200|165ms
-> request: /portal.proxy/v1/portal/iserver/accounts
-> GET /portal.proxy/v1/portal/tickle,200|173ms
-> GET /portal.proxy/v1/portal/iserver/accounts,200|101ms
-> request: /portal.proxy/v1/portal/tickle
-> request: /portal.proxy/v1/portal/iserver/auth/status
-> GET /portal.proxy/v1/portal/tickle,200|102ms
-> GET /portal.proxy/v1/portal/iserver/auth/status,200|144ms
-> request: /portal.proxy/v1/portal/iserver/accounts
-> GET /portal.proxy/v1/portal/iserver/accounts,200|39ms
-> request: /portal.proxy/v1/portal/tickle
-> request: /portal.proxy/v1/portal/iserver/auth/status
-> GET /portal.proxy/v1/portal/tickle,200|123ms
-> GET /portal.proxy/v1/portal/iserver/auth/status,200|126ms
-> request: /portal.proxy/v1/portal/iserver/accounts
-> GET /portal.proxy/v1/portal/iserver/accounts,200|46ms
-> request: /portal.proxy/v1/portal/tickle
-> request: /portal.proxy/v1/portal/iserver/auth/status
-> GET /portal.proxy/v1/portal/tickle,200|118ms
-> GET /portal.proxy/v1/portal/iserver/auth/status,200|135ms
-> request: /portal.proxy/v1/portal/iserver/accounts
-> GET /portal.proxy/v1/portal/iserver/accounts,200|31ms
-> request: /portal.proxy/v1/portal/tickle
-> request: /portal.proxy/v1/portal/iserver/auth/status
-> GET /portal.proxy/v1/portal/iserver/auth/status,200|122ms
-> request: /portal.proxy/v1/portal/iserver/accounts
-> GET /portal.proxy/v1/portal/tickle,200|128ms
-> GET /portal.proxy/v1/portal/iserver/accounts,200|89ms
-> request: /portal.proxy/v1/portal/tickle
-> request: /portal.proxy/v1/portal/iserver/auth/status
-> GET /portal.proxy/v1/portal/tickle,200|126ms
-> GET /portal.proxy/v1/portal/iserver/auth/status,200|142ms
-> request: /portal.proxy/v1/portal/iserver/accounts
-> GET /portal.proxy/v1/portal/iserver/accounts,200|42ms
-> request: /portal.proxy/v1/portal/tickle
-> request: /portal.proxy/v1/portal/iserver/auth/status
-> GET /portal.proxy/v1/portal/tickle,200|117ms
-> GET /portal.proxy/v1/portal/iserver/auth/status,200|134ms
-> request: /portal.proxy/v1/portal/iserver/accounts
-> GET /portal.proxy/v1/portal/iserver/accounts,200|33ms
-> client POST /v1/portal/iserver/secdef/search, redirectTo /portal.proxy/v1/portal/iserver/secdef/search
<- 500 POST /v1/portal/iserver/secdef/search
-> request: /portal.proxy/v1/portal/tickle
-> request: /portal.proxy/v1/portal/iserver/auth/status
-> GET /portal.proxy/v1/portal/tickle,200|101ms
-> GET /portal.proxy/v1/portal/iserver/auth/status,200|106ms
-> request: /portal.proxy/v1/portal/iserver/accounts
-> GET /portal.proxy/v1/portal/iserver/accounts,200|34ms
-> client POST /v1/portal/iserver/secdef/search, redirectTo /portal.proxy/v1/portal/iserver/secdef/search
<- 500 POST /v1/portal/iserver/secdef/search
-> request: /portal.proxy/v1/portal/tickle
-> request: /portal.proxy/v1/portal/iserver/auth/status
-> GET /portal.proxy/v1/portal/iserver/auth/status,200|1139ms
-> request: /portal.proxy/v1/portal/iserver/accounts
-> GET /portal.proxy/v1/portal/tickle,200|1143ms
-> GET /portal.proxy/v1/portal/iserver/accounts,200|715ms
-> client POST /v1/portal/iserver/secdef/search, redirectTo /portal.proxy/v1/portal/iserver/secdef/search
<- 500 POST /v1/portal/iserver/secdef/search
-> client POST /v1/portal/iserver/secdef/search, redirectTo /portal.proxy/v1/portal/iserver/secdef/search
<- 500 POST /v1/portal/iserver/secdef/search
-> request: /portal.proxy/v1/portal/tickle
-> request: /portal.proxy/v1/portal/iserver/auth/status
-> GET /portal.proxy/v1/portal/tickle,200|167ms
-> GET /portal.proxy/v1/portal/iserver/auth/status,200|173ms
-> request: /portal.proxy/v1/portal/iserver/accounts
-> GET /portal.proxy/v1/portal/iserver/accounts,200|39ms
-> client POST /v1/portal/iserver/secdef/search, redirectTo /portal.proxy/v1/portal/iserver/secdef/search
<- 500 POST /v1/portal/iserver/secdef/search
-> request: /portal.proxy/v1/portal/tickle
-> request: /portal.proxy/v1/portal/iserver/auth/status
-> GET /portal.proxy/v1/portal/tickle,200|307ms
-> GET /portal.proxy/v1/portal/iserver/auth/status,200|366ms
-> request: /portal.proxy/v1/portal/iserver/accounts
-> GET /portal.proxy/v1/portal/iserver/accounts,200|42ms
-> request: /portal.proxy/v1/portal/tickle
-> request: /portal.proxy/v1/portal/iserver/auth/status
-> GET /portal.proxy/v1/portal/iserver/auth/status,200|213ms
-> request: /portal.proxy/v1/portal/iserver/accounts
-> GET /portal.proxy/v1/portal/tickle,200|220ms
-> GET /portal.proxy/v1/portal/iserver/accounts,200|105ms
-> request: /portal.proxy/v1/portal/tickle
-> request: /portal.proxy/v1/portal/iserver/auth/status
-> GET /portal.proxy/v1/portal/tickle,200|262ms
-> GET /portal.proxy/v1/portal/iserver/auth/status,200|297ms
-> request: /portal.proxy/v1/portal/iserver/accounts
-> GET /portal.proxy/v1/portal/iserver/accounts,200|58ms
-> client POST /v1/portal/iserver/secdef/search, redirectTo /portal.proxy/v1/portal/iserver/secdef/search
<- 200 POST /v1/portal/iserver/secdef/search
-> request: /portal.proxy/v1/portal/tickle
-> request: /portal.proxy/v1/portal/iserver/auth/status
-> GET /portal.proxy/v1/portal/iserver/auth/status,200|149ms
-> request: /portal.proxy/v1/portal/iserver/accounts
-> GET /portal.proxy/v1/portal/tickle,200|248ms
-> GET /portal.proxy/v1/portal/iserver/accounts,200|170ms
-> client POST /v1/portal/iserver/secdef/search, redirectTo /portal.proxy/v1/portal/iserver/secdef/search
<- 200 POST /v1/portal/iserver/secdef/search
-> request: /portal.proxy/v1/portal/tickle
-> request: /portal.proxy/v1/portal/iserver/auth/status
-> GET /portal.proxy/v1/portal/tickle,200|170ms
-> GET /portal.proxy/v1/portal/iserver/auth/status,200|168ms
-> request: /portal.proxy/v1/portal/iserver/accounts
-> GET /portal.proxy/v1/portal/iserver/accounts,200|190ms
-> request: /portal.proxy/v1/portal/tickle
-> request: /portal.proxy/v1/portal/iserver/auth/status
-> GET /portal.proxy/v1/portal/tickle,200|172ms
-> GET /portal.proxy/v1/portal/iserver/auth/status,200|109ms
-> request: /portal.proxy/v1/portal/iserver/accounts
-> GET /portal.proxy/v1/portal/iserver/accounts,200|168ms
-> client GET /v1/portal/iserver/accounts, redirectTo /portal.proxy/v1/portal/iserver/accounts
<- 200 GET /v1/portal/iserver/accounts
-> request: /portal.proxy/v1/portal/tickle
-> request: /portal.proxy/v1/portal/iserver/auth/status
-> GET /portal.proxy/v1/portal/tickle,200|112ms
-> GET /portal.proxy/v1/portal/iserver/auth/status,200|124ms
-> request: /portal.proxy/v1/portal/iserver/accounts
-> GET /portal.proxy/v1/portal/iserver/accounts,200|80ms
-> client POST /v1/portal/iserver/secdef/search, redirectTo /portal.proxy/v1/portal/iserver/secdef/search
<- 200 POST /v1/portal/iserver/secdef/search
-> request: /portal.proxy/v1/portal/tickle
-> request: /portal.proxy/v1/portal/iserver/auth/status
-> GET /portal.proxy/v1/portal/tickle,200|45ms
-> GET /portal.proxy/v1/portal/iserver/auth/status,200|108ms
-> request: /portal.proxy/v1/portal/iserver/accounts
-> GET /portal.proxy/v1/portal/iserver/accounts,200|35ms
-> request: /portal.proxy/v1/portal/tickle
-> request: /portal.proxy/v1/portal/iserver/auth/status
-> GET /portal.proxy/v1/portal/iserver/auth/status,200|484ms
-> request: /portal.proxy/v1/portal/iserver/accounts
-> GET /portal.proxy/v1/portal/tickle,200|550ms
-> GET /portal.proxy/v1/portal/iserver/accounts,200|613ms
