-> client GET /sso/Login?forwardTo=22&RL=1&ip2loc=US, redirectTo /sso/Login?forwardTo=22&RL=1&ip2loc=US
<- 200 GET /sso/Login?forwardTo=22&RL=1&ip2loc=US
-> client GET /sso/Login?forwardTo=22&RL=1&ip2loc=US, redirectTo /sso/Login?forwardTo=22&RL=1&ip2loc=US
-> client GET /stylesheet/web/bootstrap.v3.3.6.css, redirectTo /stylesheet/web/bootstrap.v3.3.6.css
-> client GET /stylesheet/web/ib-common.css, redirectTo /stylesheet/web/ib-common.css
-> client GET /stylesheet/web/login.css, redirectTo /stylesheet/web/login.css
-> client GET /stylesheet/web/bootstrap-switch.v3.3.2.min.css, redirectTo /stylesheet/web/bootstrap-switch.v3.3.2.min.css
<- 200 GET /stylesheet/web/bootstrap.v3.3.6.css
-> client GET /stylesheet/web/font-awesome.v4.7.0.css, redirectTo /stylesheet/web/font-awesome.v4.7.0.css
<- 200 GET /sso/Login?forwardTo=22&RL=1&ip2loc=US
<- 200 GET /stylesheet/web/ib-common.css
<- 200 GET /stylesheet/web/bootstrap-switch.v3.3.2.min.css
<- 200 GET /stylesheet/web/login.css
-> client GET /stylesheet/web/bootstrap.v3.3.6.css, redirectTo /stylesheet/web/bootstrap.v3.3.6.css
-> client GET /stylesheet/web/bootstrap-switch.v3.3.2.min.css, redirectTo /stylesheet/web/bootstrap-switch.v3.3.2.min.css
-> client GET /stylesheet/web/login.css, redirectTo /stylesheet/web/login.css
<- 200 GET /stylesheet/web/font-awesome.v4.7.0.css
<- 200 GET /stylesheet/web/bootstrap.v3.3.6.css
-> client GET /stylesheet/web/ib-common.css, redirectTo /stylesheet/web/ib-common.css
-> client GET /stylesheet/web/font-awesome.v4.7.0.css, redirectTo /stylesheet/web/font-awesome.v4.7.0.css
<- 200 GET /stylesheet/web/bootstrap-switch.v3.3.2.min.css
-> client GET /scripts/common/js/2015/jquery.min.js, redirectTo /scripts/common/js/2015/jquery.min.js
<- 200 GET /stylesheet/web/ib-common.css
<- 200 GET /stylesheet/web/login.css
-> client GET /scripts/common/js/jquery-ui-1.12.1.min.js, redirectTo /scripts/common/js/jquery-ui-1.12.1.min.js
<- 200 GET /stylesheet/web/font-awesome.v4.7.0.css
-> client GET /scripts/common/js/2015/bootstrap.min.js, redirectTo /scripts/common/js/2015/bootstrap.min.js
<- 200 GET /scripts/common/js/2015/jquery.min.js
-> client GET /scripts/common/js/2015/bootstrap-switch.min.js, redirectTo /scripts/common/js/2015/bootstrap-switch.min.js
<- 200 GET /scripts/common/js/jquery-ui-1.12.1.min.js
<- 200 GET /scripts/common/js/2015/bootstrap.min.js
-> client GET /scripts/common/js/switchery.min.js, redirectTo /scripts/common/js/switchery.min.js
-> client GET /sso/CombineFiles, redirectTo /sso/CombineFiles
-> client GET /stylesheet/web/switchery.min.css, redirectTo /stylesheet/web/switchery.min.css
<- 200 GET /scripts/common/js/2015/bootstrap-switch.min.js
-> client GET /scripts/common/js/2015/jquery.min.js, redirectTo /scripts/common/js/2015/jquery.min.js
-> client GET /images/2015/btn-app-apple.png, redirectTo /images/2015/btn-app-apple.png
<- 200 GET /scripts/common/js/switchery.min.js
-> client GET /images/2015/btn-app-google.png, redirectTo /images/2015/btn-app-google.png
<- 200 GET /stylesheet/web/switchery.min.css
<- 200 GET /scripts/common/js/2015/jquery.min.js
<- 200 GET /sso/CombineFiles
-> client GET /stylesheet/web/switchery.min.css, redirectTo /stylesheet/web/switchery.min.css
<- 200 GET /images/2015/btn-app-apple.png
-> client GET /scripts/common/js/jquery-ui-1.12.1.min.js, redirectTo /scripts/common/js/jquery-ui-1.12.1.min.js
-> client GET /images/2015/btn-app-tws.png, redirectTo /images/2015/btn-app-tws.png
<- 200 GET /images/2015/btn-app-google.png
-> client GET /scripts/common/js/2015/bootstrap.min.js, redirectTo /scripts/common/js/2015/bootstrap.min.js
<- 200 GET /stylesheet/web/switchery.min.css
<- 200 GET /scripts/common/js/jquery-ui-1.12.1.min.js
-> client GET /images/2015/button_discover_apis.png, redirectTo /images/2015/button_discover_apis.png
-> client GET /scripts/common/js/2015/bootstrap-switch.min.js, redirectTo /scripts/common/js/2015/bootstrap-switch.min.js
<- 200 GET /images/2015/btn-app-tws.png
-> client GET /scripts/common/js/switchery.min.js, redirectTo /scripts/common/js/switchery.min.js
-> client GET /sso/CombineFiles, redirectTo /sso/CombineFiles
<- 200 GET /scripts/common/js/2015/bootstrap.min.js
<- 200 GET /images/2015/button_discover_apis.png
-> client GET /images/2015/btn-app-apple.png, redirectTo /images/2015/btn-app-apple.png
<- 200 GET /scripts/common/js/2015/bootstrap-switch.min.js
-> client GET /images/2015/btn-app-google.png, redirectTo /images/2015/btn-app-google.png
-> client GET /images/2015/btn-app-tws.png, redirectTo /images/2015/btn-app-tws.png
<- 200 GET /scripts/common/js/switchery.min.js
-> client GET /images/2015/template/logo-ib-ibkr-txtwht.svg, redirectTo /images/2015/template/logo-ib-ibkr-txtwht.svg
<- 200 GET /images/2015/btn-app-apple.png
<- 200 GET /images/2015/btn-app-google.png
-> client GET /images/2015/button_discover_apis.png, redirectTo /images/2015/button_discover_apis.png
<- 200 GET /sso/CombineFiles
-> client GET /images/2015/template/logo-ib-ibkr-txtblk.svg, redirectTo /images/2015/template/logo-ib-ibkr-txtblk.svg
<- 200 GET /images/2015/template/logo-ib-ibkr-txtwht.svg
-> client GET /fonts/Proxima-Nova-Light.woff2, redirectTo /fonts/Proxima-Nova-Light.woff2
<- 200 GET /images/2015/template/logo-ib-ibkr-txtblk.svg
-> client GET /fonts/fontawesome-webfont.woff2?v=4.6.1, redirectTo /fonts/fontawesome-webfont.woff2?v=4.6.1
<- 200 GET /fonts/Proxima-Nova-Light.woff2
-> client GET /fonts/Proxima-Nova-Semibold.woff2, redirectTo /fonts/Proxima-Nova-Semibold.woff2
<- 200 GET /fonts/fontawesome-webfont.woff2?v=4.6.1
-> client GET /fonts/Proxima-Nova-Regular.woff2, redirectTo /fonts/Proxima-Nova-Regular.woff2
<- 200 GET /fonts/Proxima-Nova-Semibold.woff2
<- 200 GET /fonts/Proxima-Nova-Regular.woff2
<- 200 GET /images/2015/button_discover_apis.png
<- 200 GET /images/2015/btn-app-tws.png
-> client POST /sso/Authenticator?24648, redirectTo /sso/Authenticator?24648
<- 200 POST /sso/Authenticator?24648
-> client POST /sso/Authenticator?61021, redirectTo /sso/Authenticator?61021
<- 200 POST /sso/Authenticator?61021
-> client POST /sso/Authenticator?97526, redirectTo /sso/Authenticator?97526
<- 200 POST /sso/Authenticator?97526
-> client POST /sso/Authenticator?25059, redirectTo /sso/Authenticator?25059
<- 200 POST /sso/Authenticator?25059
-> client POST /sso/Authenticator?84420, redirectTo /sso/Authenticator?84420
<- 200 POST /sso/Authenticator?84420
-> client POST /sso/Authenticator?85580, redirectTo /sso/Authenticator?85580
<- 200 POST /sso/Authenticator?85580
-> client POST /sso/Dispatcher, redirectTo /sso/Dispatcher
<- 302 POST /sso/Dispatcher
-> request: /portal.proxy/v1/portal/sso/validate?gw=1
-> request: /AccountManagement/OneBarAuthentication?json=1
-> GET /portal.proxy/v1/portal/sso/validate?gw=1,200|141ms
-> request: /portal.proxy/v1/portal/one/user
-> request: /sso/AuthenticateSSODH?ACTION=INIT
-> sso GET https://ndcdyn.interactivebrokers.com/sso/AuthenticateSSODH?ACTION=INIT
-> GET /portal.proxy/v1/portal/one/user,200|89ms
<- 200 GET https://ndcdyn.interactivebrokers.com/sso/AuthenticateSSODH?ACTION=INIT
-> GET /AccountManagement/OneBarAuthentication?json=1,200|484ms
-> request: /AccountManagement/OneBarPicker/Picker/Info
-> GET /AccountManagement/OneBarPicker/Picker/Info,200|66ms
-> request: /AccountManagement/OneBarPicker/Picker/Data
-> GET /AccountManagement/OneBarPicker/Picker/Data,200|58ms
-> client GET /sso/Login?forwardTo=22&RL=1&ip2loc=US, redirectTo /sso/Login?forwardTo=22&RL=1&ip2loc=US
<- 200 GET /sso/Login?forwardTo=22&RL=1&ip2loc=US
-> client GET /stylesheet/web/bootstrap.v3.3.6.css, redirectTo /stylesheet/web/bootstrap.v3.3.6.css
-> client GET /stylesheet/web/login.css, redirectTo /stylesheet/web/login.css
-> client GET /stylesheet/web/bootstrap-switch.v3.3.2.min.css, redirectTo /stylesheet/web/bootstrap-switch.v3.3.2.min.css
-> client GET /stylesheet/web/font-awesome.v4.7.0.css, redirectTo /stylesheet/web/font-awesome.v4.7.0.css
-> client GET /stylesheet/web/switchery.min.css, redirectTo /stylesheet/web/switchery.min.css
-> client GET /stylesheet/web/ib-common.css, redirectTo /stylesheet/web/ib-common.css
<- 200 GET /stylesheet/web/bootstrap.v3.3.6.css
<- 200 GET /stylesheet/web/login.css
<- 200 GET /stylesheet/web/bootstrap-switch.v3.3.2.min.css
<- 200 GET /stylesheet/web/font-awesome.v4.7.0.css
<- 200 GET /stylesheet/web/switchery.min.css
-> client GET /scripts/common/js/2015/jquery.min.js, redirectTo /scripts/common/js/2015/jquery.min.js
-> client GET /scripts/common/js/jquery-ui-1.12.1.min.js, redirectTo /scripts/common/js/jquery-ui-1.12.1.min.js
-> client GET /scripts/common/js/2015/bootstrap.min.js, redirectTo /scripts/common/js/2015/bootstrap.min.js
<- 200 GET /scripts/common/js/2015/jquery.min.js
<- 200 GET /stylesheet/web/ib-common.css
-> client GET /scripts/common/js/2015/bootstrap-switch.min.js, redirectTo /scripts/common/js/2015/bootstrap-switch.min.js
<- 200 GET /scripts/common/js/2015/bootstrap.min.js
-> client GET /scripts/common/js/switchery.min.js, redirectTo /scripts/common/js/switchery.min.js
<- 200 GET /scripts/common/js/jquery-ui-1.12.1.min.js
<- 200 GET /scripts/common/js/2015/bootstrap-switch.min.js
-> client GET /sso/CombineFiles, redirectTo /sso/CombineFiles
<- 200 GET /scripts/common/js/switchery.min.js
-> client GET /images/2015/btn-app-apple.png, redirectTo /images/2015/btn-app-apple.png
<- 200 GET /sso/CombineFiles
-> client GET /images/2015/btn-app-google.png, redirectTo /images/2015/btn-app-google.png
<- 200 GET /images/2015/btn-app-apple.png
-> client GET /images/2015/btn-app-tws.png, redirectTo /images/2015/btn-app-tws.png
<- 200 GET /images/2015/btn-app-google.png
-> client GET /images/2015/button_discover_apis.png, redirectTo /images/2015/button_discover_apis.png
<- 200 GET /images/2015/btn-app-tws.png
<- 200 GET /images/2015/button_discover_apis.png
-> client GET /images/2015/template/logo-ib-ibkr-txtwht.svg, redirectTo /images/2015/template/logo-ib-ibkr-txtwht.svg
<- 200 GET /images/2015/template/logo-ib-ibkr-txtwht.svg
-> client GET /images/2015/template/logo-ib-ibkr-txtblk.svg, redirectTo /images/2015/template/logo-ib-ibkr-txtblk.svg
-> client GET /fonts/Proxima-Nova-Light.woff2, redirectTo /fonts/Proxima-Nova-Light.woff2
-> client GET /fonts/fontawesome-webfont.woff2?v=4.6.1, redirectTo /fonts/fontawesome-webfont.woff2?v=4.6.1
-> client GET /fonts/Proxima-Nova-Semibold.woff2, redirectTo /fonts/Proxima-Nova-Semibold.woff2
-> client GET /fonts/Proxima-Nova-Regular.woff2, redirectTo /fonts/Proxima-Nova-Regular.woff2
<- 200 GET /images/2015/template/logo-ib-ibkr-txtblk.svg
<- 200 GET /fonts/Proxima-Nova-Light.woff2
<- 200 GET /fonts/Proxima-Nova-Regular.woff2
<- 200 GET /fonts/fontawesome-webfont.woff2?v=4.6.1
<- 200 GET /fonts/Proxima-Nova-Semibold.woff2
-> client POST /sso/Authenticator;jsessionid=893BB7D46CCD2F7D6B717E71D027A032.ny5wwwsso3?90395, redirectTo /sso/Authenticator;jsessionid=893BB7D46CCD2F7D6B717E71D027A032.ny5wwwsso3?90395
<- 200 POST /sso/Authenticator;jsessionid=893BB7D46CCD2F7D6B717E71D027A032.ny5wwwsso3?90395
-> client POST /sso/Authenticator;jsessionid=893BB7D46CCD2F7D6B717E71D027A032.ny5wwwsso3?24685, redirectTo /sso/Authenticator;jsessionid=893BB7D46CCD2F7D6B717E71D027A032.ny5wwwsso3?24685
<- 200 POST /sso/Authenticator;jsessionid=893BB7D46CCD2F7D6B717E71D027A032.ny5wwwsso3?24685
-> client POST /sso/Authenticator;jsessionid=893BB7D46CCD2F7D6B717E71D027A032.ny5wwwsso3?22995, redirectTo /sso/Authenticator;jsessionid=893BB7D46CCD2F7D6B717E71D027A032.ny5wwwsso3?22995
<- 200 POST /sso/Authenticator;jsessionid=893BB7D46CCD2F7D6B717E71D027A032.ny5wwwsso3?22995
-> client POST /sso/Authenticator;jsessionid=893BB7D46CCD2F7D6B717E71D027A032.ny5wwwsso3?4805, redirectTo /sso/Authenticator;jsessionid=893BB7D46CCD2F7D6B717E71D027A032.ny5wwwsso3?4805
<- 200 POST /sso/Authenticator;jsessionid=893BB7D46CCD2F7D6B717E71D027A032.ny5wwwsso3?4805
-> client POST /sso/Authenticator;jsessionid=893BB7D46CCD2F7D6B717E71D027A032.ny5wwwsso3?71130, redirectTo /sso/Authenticator;jsessionid=893BB7D46CCD2F7D6B717E71D027A032.ny5wwwsso3?71130
<- 200 POST /sso/Authenticator;jsessionid=893BB7D46CCD2F7D6B717E71D027A032.ny5wwwsso3?71130
-> client POST /sso/Authenticator;jsessionid=893BB7D46CCD2F7D6B717E71D027A032.ny5wwwsso3?64293, redirectTo /sso/Authenticator;jsessionid=893BB7D46CCD2F7D6B717E71D027A032.ny5wwwsso3?64293
<- 200 POST /sso/Authenticator;jsessionid=893BB7D46CCD2F7D6B717E71D027A032.ny5wwwsso3?64293
-> client POST /sso/Dispatcher;jsessionid=893BB7D46CCD2F7D6B717E71D027A032.ny5wwwsso3, redirectTo /sso/Dispatcher;jsessionid=893BB7D46CCD2F7D6B717E71D027A032.ny5wwwsso3
<- 302 POST /sso/Dispatcher;jsessionid=893BB7D46CCD2F7D6B717E71D027A032.ny5wwwsso3
-> request: /portal.proxy/v1/portal/sso/validate?gw=1
-> request: /AccountManagement/OneBarAuthentication?json=1
-> GET /portal.proxy/v1/portal/sso/validate?gw=1,200|139ms
-> request: /portal.proxy/v1/portal/one/user
-> request: /sso/AuthenticateSSODH?ACTION=INIT
-> sso GET https://ndcdyn.interactivebrokers.com/sso/AuthenticateSSODH?ACTION=INIT
-> GET /portal.proxy/v1/portal/one/user,200|44ms
-> GET /AccountManagement/OneBarAuthentication?json=1,200|309ms
-> request: /AccountManagement/OneBarPicker/Picker/Info
<- 200 GET https://ndcdyn.interactivebrokers.com/sso/AuthenticateSSODH?ACTION=INIT
-> GET /AccountManagement/OneBarPicker/Picker/Info,200|68ms
-> request: /AccountManagement/OneBarPicker/Picker/Data
-> GET /AccountManagement/OneBarPicker/Picker/Data,200|64ms
-> client GET /v1/portal/iserver/contract/AAPL/info, redirectTo /portal.proxy/v1/portal/iserver/contract/AAPL/info
<- 500 GET /v1/portal/iserver/contract/AAPL/info
-> client GET /sso/Login?forwardTo=22&RL=1&ip2loc=US, redirectTo /sso/Login?forwardTo=22&RL=1&ip2loc=US
<- 200 GET /sso/Login?forwardTo=22&RL=1&ip2loc=US
-> client GET /stylesheet/web/bootstrap.v3.3.6.css, redirectTo /stylesheet/web/bootstrap.v3.3.6.css
-> client GET /stylesheet/web/login.css, redirectTo /stylesheet/web/login.css
-> client GET /stylesheet/web/bootstrap-switch.v3.3.2.min.css, redirectTo /stylesheet/web/bootstrap-switch.v3.3.2.min.css
-> client GET /stylesheet/web/font-awesome.v4.7.0.css, redirectTo /stylesheet/web/font-awesome.v4.7.0.css
-> client GET /stylesheet/web/switchery.min.css, redirectTo /stylesheet/web/switchery.min.css
-> client GET /stylesheet/web/ib-common.css, redirectTo /stylesheet/web/ib-common.css
<- 200 GET /stylesheet/web/bootstrap.v3.3.6.css
<- 200 GET /stylesheet/web/login.css
<- 200 GET /stylesheet/web/switchery.min.css
-> client GET /scripts/common/js/2015/jquery.min.js, redirectTo /scripts/common/js/2015/jquery.min.js
<- 200 GET /stylesheet/web/font-awesome.v4.7.0.css
<- 200 GET /stylesheet/web/bootstrap-switch.v3.3.2.min.css
-> client GET /scripts/common/js/jquery-ui-1.12.1.min.js, redirectTo /scripts/common/js/jquery-ui-1.12.1.min.js
-> client GET /scripts/common/js/2015/bootstrap.min.js, redirectTo /scripts/common/js/2015/bootstrap.min.js
<- 200 GET /stylesheet/web/ib-common.css
<- 200 GET /scripts/common/js/2015/jquery.min.js
-> client GET /scripts/common/js/2015/bootstrap-switch.min.js, redirectTo /scripts/common/js/2015/bootstrap-switch.min.js
<- 200 GET /scripts/common/js/jquery-ui-1.12.1.min.js
<- 200 GET /scripts/common/js/2015/bootstrap.min.js
-> client GET /scripts/common/js/switchery.min.js, redirectTo /scripts/common/js/switchery.min.js
<- 200 GET /scripts/common/js/2015/bootstrap-switch.min.js
-> client GET /sso/CombineFiles, redirectTo /sso/CombineFiles
-> client GET /images/2015/btn-app-apple.png, redirectTo /images/2015/btn-app-apple.png
<- 200 GET /scripts/common/js/switchery.min.js
-> client GET /images/2015/btn-app-google.png, redirectTo /images/2015/btn-app-google.png
<- 200 GET /sso/CombineFiles
<- 200 GET /images/2015/btn-app-apple.png
-> client GET /images/2015/btn-app-tws.png, redirectTo /images/2015/btn-app-tws.png
<- 200 GET /images/2015/btn-app-google.png
-> client GET /images/2015/button_discover_apis.png, redirectTo /images/2015/button_discover_apis.png
<- 200 GET /images/2015/btn-app-tws.png
<- 200 GET /images/2015/button_discover_apis.png
-> client GET /images/2015/template/logo-ib-ibkr-txtwht.svg, redirectTo /images/2015/template/logo-ib-ibkr-txtwht.svg
-> client GET /images/2015/template/logo-ib-ibkr-txtblk.svg, redirectTo /images/2015/template/logo-ib-ibkr-txtblk.svg
<- 200 GET /images/2015/template/logo-ib-ibkr-txtwht.svg
-> client GET /fonts/Proxima-Nova-Light.woff2, redirectTo /fonts/Proxima-Nova-Light.woff2
-> client GET /fonts/fontawesome-webfont.woff2?v=4.6.1, redirectTo /fonts/fontawesome-webfont.woff2?v=4.6.1
-> client GET /fonts/Proxima-Nova-Semibold.woff2, redirectTo /fonts/Proxima-Nova-Semibold.woff2
-> client GET /fonts/Proxima-Nova-Regular.woff2, redirectTo /fonts/Proxima-Nova-Regular.woff2
<- 200 GET /images/2015/template/logo-ib-ibkr-txtblk.svg
<- 200 GET /fonts/Proxima-Nova-Regular.woff2
<- 200 GET /fonts/Proxima-Nova-Semibold.woff2
<- 200 GET /fonts/Proxima-Nova-Light.woff2
<- 200 GET /fonts/fontawesome-webfont.woff2?v=4.6.1
-> client POST /sso/Authenticator;jsessionid=4870C134123EF5C69A983EBFCD43385D.ny5wwwsso3?60672, redirectTo /sso/Authenticator;jsessionid=4870C134123EF5C69A983EBFCD43385D.ny5wwwsso3?60672
<- 200 POST /sso/Authenticator;jsessionid=4870C134123EF5C69A983EBFCD43385D.ny5wwwsso3?60672
-> client POST /sso/Authenticator;jsessionid=4870C134123EF5C69A983EBFCD43385D.ny5wwwsso3?7434, redirectTo /sso/Authenticator;jsessionid=4870C134123EF5C69A983EBFCD43385D.ny5wwwsso3?7434
<- 200 POST /sso/Authenticator;jsessionid=4870C134123EF5C69A983EBFCD43385D.ny5wwwsso3?7434
-> client POST /sso/Authenticator;jsessionid=4870C134123EF5C69A983EBFCD43385D.ny5wwwsso3?542, redirectTo /sso/Authenticator;jsessionid=4870C134123EF5C69A983EBFCD43385D.ny5wwwsso3?542
<- 200 POST /sso/Authenticator;jsessionid=4870C134123EF5C69A983EBFCD43385D.ny5wwwsso3?542
-> client POST /sso/Authenticator;jsessionid=4870C134123EF5C69A983EBFCD43385D.ny5wwwsso3?98078, redirectTo /sso/Authenticator;jsessionid=4870C134123EF5C69A983EBFCD43385D.ny5wwwsso3?98078
<- 200 POST /sso/Authenticator;jsessionid=4870C134123EF5C69A983EBFCD43385D.ny5wwwsso3?98078
-> client POST /sso/Authenticator;jsessionid=4870C134123EF5C69A983EBFCD43385D.ny5wwwsso3?87738, redirectTo /sso/Authenticator;jsessionid=4870C134123EF5C69A983EBFCD43385D.ny5wwwsso3?87738
<- 200 POST /sso/Authenticator;jsessionid=4870C134123EF5C69A983EBFCD43385D.ny5wwwsso3?87738
-> client POST /sso/Authenticator;jsessionid=4870C134123EF5C69A983EBFCD43385D.ny5wwwsso3?71234, redirectTo /sso/Authenticator;jsessionid=4870C134123EF5C69A983EBFCD43385D.ny5wwwsso3?71234
<- 200 POST /sso/Authenticator;jsessionid=4870C134123EF5C69A983EBFCD43385D.ny5wwwsso3?71234
-> client POST /sso/Dispatcher;jsessionid=4870C134123EF5C69A983EBFCD43385D.ny5wwwsso3, redirectTo /sso/Dispatcher;jsessionid=4870C134123EF5C69A983EBFCD43385D.ny5wwwsso3
<- 302 POST /sso/Dispatcher;jsessionid=4870C134123EF5C69A983EBFCD43385D.ny5wwwsso3
-> request: /portal.proxy/v1/portal/sso/validate?gw=1
-> request: /AccountManagement/OneBarAuthentication?json=1
-> GET /portal.proxy/v1/portal/sso/validate?gw=1,200|135ms
-> request: /portal.proxy/v1/portal/one/user
-> request: /sso/AuthenticateSSODH?ACTION=INIT
-> sso GET https://ndcdyn.interactivebrokers.com/sso/AuthenticateSSODH?ACTION=INIT
-> GET /portal.proxy/v1/portal/one/user,200|41ms
-> GET /AccountManagement/OneBarAuthentication?json=1,200|332ms
-> request: /AccountManagement/OneBarPicker/Picker/Info
<- 200 GET https://ndcdyn.interactivebrokers.com/sso/AuthenticateSSODH?ACTION=INIT
-> request: /sso/AuthenticateSSODH?ACTION=COMPLETE&B=1407c983390495ba927bfa64578e55f1a087b9c5780c1504c9a9f89de12a6fc4b1a29874a5c7eaeda315a4bd4750f3751f587fea14080415cedb207c356b9f9c&CHRESPONSE=9e0204d7e63cd48067b6a4afbd29875d0da9d117
-> sso GET https://ndcdyn.interactivebrokers.com/sso/AuthenticateSSODH?ACTION=COMPLETE&B=1407c983390495ba927bfa64578e55f1a087b9c5780c1504c9a9f89de12a6fc4b1a29874a5c7eaeda315a4bd4750f3751f587fea14080415cedb207c356b9f9c&CHRESPONSE=9e0204d7e63cd48067b6a4afbd29875d0da9d117
-> GET /AccountManagement/OneBarPicker/Picker/Info,200|79ms
-> request: /AccountManagement/OneBarPicker/Picker/Data
<- 200 GET https://ndcdyn.interactivebrokers.com/sso/AuthenticateSSODH?ACTION=COMPLETE&B=1407c983390495ba927bfa64578e55f1a087b9c5780c1504c9a9f89de12a6fc4b1a29874a5c7eaeda315a4bd4750f3751f587fea14080415cedb207c356b9f9c&CHRESPONSE=9e0204d7e63cd48067b6a4afbd29875d0da9d117
-> GET /AccountManagement/OneBarPicker/Picker/Data,200|71ms
-> request: /portal.proxy/v1/portal/iserver/auth/status
-> GET /portal.proxy/v1/portal/iserver/auth/status,200|48ms
-> request: /portal.proxy/v1/portal/iserver/auth/ssodh/init
-> POST https://ndcdyn.interactivebrokers.com/portal.proxy/v1/portal/iserver/auth/ssodh/init,200|90ms
-> request: /portal.proxy/v1/portal/iserver/auth/ssodh/response
-> POST https://ndcdyn.interactivebrokers.com/portal.proxy/v1/portal/iserver/auth/ssodh/response,200|59ms
-> request: /portal.proxy/v1/portal/iserver/accounts
-> GET /portal.proxy/v1/portal/iserver/accounts,200|46ms
-> client GET /v1/portal/iserver/contract/242506861/info, redirectTo /portal.proxy/v1/portal/iserver/contract/242506861/info
<- 200 GET /v1/portal/iserver/contract/242506861/info
-> request: /portal.proxy/v1/portal/tickle
-> request: /portal.proxy/v1/portal/iserver/auth/status
-> GET /portal.proxy/v1/portal/tickle,200|122ms
-> GET /portal.proxy/v1/portal/iserver/auth/status,200|139ms
-> request: /portal.proxy/v1/portal/iserver/accounts
-> GET /portal.proxy/v1/portal/iserver/accounts,200|42ms
