-> client GET /sso/Login?forwardTo=22&RL=1&ip2loc=US, redirectTo /sso/Login?forwardTo=22&RL=1&ip2loc=US
<- 200 GET /sso/Login?forwardTo=22&RL=1&ip2loc=US
-> client GET /stylesheet/web/bootstrap.v3.3.6.css, redirectTo /stylesheet/web/bootstrap.v3.3.6.css
-> client GET /stylesheet/web/bootstrap-switch.v3.3.2.min.css, redirectTo /stylesheet/web/bootstrap-switch.v3.3.2.min.css
-> client GET /stylesheet/web/font-awesome.v4.7.0.css, redirectTo /stylesheet/web/font-awesome.v4.7.0.css
-> client GET /stylesheet/web/switchery.min.css, redirectTo /stylesheet/web/switchery.min.css
-> client GET /stylesheet/web/login.css, redirectTo /stylesheet/web/login.css
-> client GET /stylesheet/web/ib-common.css, redirectTo /stylesheet/web/ib-common.css
<- 200 GET /stylesheet/web/bootstrap.v3.3.6.css
-> client GET /sso/Login?forwardTo=22&RL=1&ip2loc=US, redirectTo /sso/Login?forwardTo=22&RL=1&ip2loc=US
<- 200 GET /stylesheet/web/ib-common.css
-> client GET /scripts/common/js/2015/jquery.min.js, redirectTo /scripts/common/js/2015/jquery.min.js
<- 200 GET /sso/Login?forwardTo=22&RL=1&ip2loc=US
-> client GET /scripts/common/js/jquery-ui-1.12.1.min.js, redirectTo /scripts/common/js/jquery-ui-1.12.1.min.js
<- 200 GET /stylesheet/web/switchery.min.css
-> client GET /stylesheet/web/bootstrap.v3.3.6.css, redirectTo /stylesheet/web/bootstrap.v3.3.6.css
<- 200 GET /scripts/common/js/2015/jquery.min.js
<- 200 GET /scripts/common/js/jquery-ui-1.12.1.min.js
-> client GET /stylesheet/web/ib-common.css, redirectTo /stylesheet/web/ib-common.css
<- 200 GET /stylesheet/web/bootstrap.v3.3.6.css
-> client GET /stylesheet/web/switchery.min.css, redirectTo /stylesheet/web/switchery.min.css
<- 200 GET /stylesheet/web/ib-common.css
-> client GET /scripts/common/js/2015/bootstrap.min.js, redirectTo /scripts/common/js/2015/bootstrap.min.js
<- 200 GET /stylesheet/web/font-awesome.v4.7.0.css
<- 200 GET /stylesheet/web/switchery.min.css
-> client GET /scripts/common/js/2015/bootstrap-switch.min.js, redirectTo /scripts/common/js/2015/bootstrap-switch.min.js
<- 200 GET /stylesheet/web/login.css
<- 200 GET /stylesheet/web/bootstrap-switch.v3.3.2.min.css
<- 200 GET /scripts/common/js/2015/bootstrap.min.js
-> client GET /stylesheet/web/font-awesome.v4.7.0.css, redirectTo /stylesheet/web/font-awesome.v4.7.0.css
-> client GET /stylesheet/web/bootstrap-switch.v3.3.2.min.css, redirectTo /stylesheet/web/bootstrap-switch.v3.3.2.min.css
-> client GET /scripts/common/js/switchery.min.js, redirectTo /scripts/common/js/switchery.min.js
<- 200 GET /scripts/common/js/2015/bootstrap-switch.min.js
<- 200 GET /stylesheet/web/font-awesome.v4.7.0.css
-> client GET /stylesheet/web/login.css, redirectTo /stylesheet/web/login.css
<- 200 GET /stylesheet/web/bootstrap-switch.v3.3.2.min.css
-> client GET /sso/CombineFiles, redirectTo /sso/CombineFiles
-> client GET /scripts/common/js/2015/jquery.min.js, redirectTo /scripts/common/js/2015/jquery.min.js
-> client GET /scripts/common/js/jquery-ui-1.12.1.min.js, redirectTo /scripts/common/js/jquery-ui-1.12.1.min.js
-> client GET /scripts/common/js/2015/bootstrap.min.js, redirectTo /scripts/common/js/2015/bootstrap.min.js
<- 200 GET /scripts/common/js/switchery.min.js
-> client GET /scripts/common/js/2015/bootstrap-switch.min.js, redirectTo /scripts/common/js/2015/bootstrap-switch.min.js
<- 200 GET /stylesheet/web/login.css
<- 200 GET /scripts/common/js/2015/jquery.min.js
<- 200 GET /scripts/common/js/jquery-ui-1.12.1.min.js
-> client GET /images/2015/btn-app-apple.png, redirectTo /images/2015/btn-app-apple.png
<- 200 GET /scripts/common/js/2015/bootstrap.min.js
-> client GET /images/2015/btn-app-google.png, redirectTo /images/2015/btn-app-google.png
<- 200 GET /sso/CombineFiles
<- 200 GET /scripts/common/js/2015/bootstrap-switch.min.js
-> client GET /scripts/common/js/switchery.min.js, redirectTo /scripts/common/js/switchery.min.js
<- 200 GET /images/2015/btn-app-apple.png
-> client GET /images/2015/btn-app-apple.png, redirectTo /images/2015/btn-app-apple.png
<- 200 GET /images/2015/btn-app-google.png
<- 200 GET /scripts/common/js/switchery.min.js
-> client GET /images/2015/btn-app-tws.png, redirectTo /images/2015/btn-app-tws.png
-> client GET /sso/CombineFiles, redirectTo /sso/CombineFiles
-> client GET /images/2015/button_discover_apis.png, redirectTo /images/2015/button_discover_apis.png
-> client GET /images/2015/btn-app-google.png, redirectTo /images/2015/btn-app-google.png
<- 200 GET /images/2015/btn-app-apple.png
<- 200 GET /images/2015/btn-app-tws.png
-> client GET /images/2015/btn-app-tws.png, redirectTo /images/2015/btn-app-tws.png
<- 200 GET /images/2015/button_discover_apis.png
<- 200 GET /images/2015/btn-app-google.png
<- 200 GET /sso/CombineFiles
-> client GET /images/2015/button_discover_apis.png, redirectTo /images/2015/button_discover_apis.png
<- 200 GET /images/2015/btn-app-tws.png
<- 200 GET /images/2015/button_discover_apis.png
-> client GET /images/2015/template/logo-ib-ibkr-txtwht.svg, redirectTo /images/2015/template/logo-ib-ibkr-txtwht.svg
<- 200 GET /images/2015/template/logo-ib-ibkr-txtwht.svg
-> client GET /images/2015/template/logo-ib-ibkr-txtblk.svg, redirectTo /images/2015/template/logo-ib-ibkr-txtblk.svg
<- 200 GET /images/2015/template/logo-ib-ibkr-txtblk.svg
-> client GET /fonts/Proxima-Nova-Light.woff2, redirectTo /fonts/Proxima-Nova-Light.woff2
-> client GET /fonts/fontawesome-webfont.woff2?v=4.6.1, redirectTo /fonts/fontawesome-webfont.woff2?v=4.6.1
-> client GET /fonts/Proxima-Nova-Semibold.woff2, redirectTo /fonts/Proxima-Nova-Semibold.woff2
-> client GET /fonts/Proxima-Nova-Regular.woff2, redirectTo /fonts/Proxima-Nova-Regular.woff2
<- 200 GET /fonts/Proxima-Nova-Light.woff2
<- 200 GET /fonts/Proxima-Nova-Regular.woff2
<- 200 GET /fonts/fontawesome-webfont.woff2?v=4.6.1
<- 200 GET /fonts/Proxima-Nova-Semibold.woff2
-> client POST /sso/Authenticator?98181, redirectTo /sso/Authenticator?98181
<- 200 POST /sso/Authenticator?98181
-> client POST /sso/Authenticator?27671, redirectTo /sso/Authenticator?27671
<- 200 POST /sso/Authenticator?27671
-> client POST /sso/Authenticator?2846, redirectTo /sso/Authenticator?2846
<- 200 POST /sso/Authenticator?2846
-> client POST /sso/Authenticator?90276, redirectTo /sso/Authenticator?90276
<- 200 POST /sso/Authenticator?90276
-> client POST /sso/Authenticator?58554, redirectTo /sso/Authenticator?58554
<- 200 POST /sso/Authenticator?58554
-> client POST /sso/Authenticator?3392, redirectTo /sso/Authenticator?3392
<- 200 POST /sso/Authenticator?3392
-> client POST /sso/Authenticator?22445, redirectTo /sso/Authenticator?22445
<- 200 POST /sso/Authenticator?22445
-> client POST /sso/Authenticator?43091, redirectTo /sso/Authenticator?43091
<- 200 POST /sso/Authenticator?43091
-> client POST /sso/Authenticator?3423, redirectTo /sso/Authenticator?3423
<- 200 POST /sso/Authenticator?3423
-> client POST /sso/Authenticator?45914, redirectTo /sso/Authenticator?45914
<- 200 POST /sso/Authenticator?45914
-> client POST /sso/Authenticator?8120, redirectTo /sso/Authenticator?8120
<- 200 POST /sso/Authenticator?8120
-> client POST /sso/Authenticator?99400, redirectTo /sso/Authenticator?99400
<- 200 POST /sso/Authenticator?99400
-> client POST /sso/Authenticator?58297, redirectTo /sso/Authenticator?58297
<- 200 POST /sso/Authenticator?58297
-> client POST /sso/Authenticator?11096, redirectTo /sso/Authenticator?11096
<- 200 POST /sso/Authenticator?11096
-> client POST /sso/Authenticator?45894, redirectTo /sso/Authenticator?45894
<- 200 POST /sso/Authenticator?45894
-> client POST /sso/Authenticator?39057, redirectTo /sso/Authenticator?39057
<- 200 POST /sso/Authenticator?39057
-> client POST /sso/Authenticator?59194, redirectTo /sso/Authenticator?59194
<- 200 POST /sso/Authenticator?59194
-> client POST /sso/Authenticator?3602, redirectTo /sso/Authenticator?3602
<- 200 POST /sso/Authenticator?3602
-> client POST /sso/Dispatcher, redirectTo /sso/Dispatcher
<- 302 POST /sso/Dispatcher
-> request: /portal.proxy/v1/portal/sso/validate?gw=1
-> request: /AccountManagement/OneBarAuthentication?json=1
-> GET /portal.proxy/v1/portal/sso/validate?gw=1,200|68ms
-> request: /portal.proxy/v1/portal/one/user
-> request: /sso/AuthenticateSSODH?ACTION=INIT
-> sso GET https://ndcdyn.interactivebrokers.com/sso/AuthenticateSSODH?ACTION=INIT
-> GET /portal.proxy/v1/portal/one/user,200|45ms
<- 200 GET https://ndcdyn.interactivebrokers.com/sso/AuthenticateSSODH?ACTION=INIT
-> request: /sso/AuthenticateSSODH?ACTION=COMPLETE&B=48697408445690717d1d61aa05cd5fc496f367d95d8d5b132d578f099338124e3e72cae106214443d23c091513a5baf22e53c35f895760b29a700f801303d75e&CHRESPONSE=f5292e02a114fd2781aa9fa6ec74654e219e5a33
-> sso GET https://ndcdyn.interactivebrokers.com/sso/AuthenticateSSODH?ACTION=COMPLETE&B=48697408445690717d1d61aa05cd5fc496f367d95d8d5b132d578f099338124e3e72cae106214443d23c091513a5baf22e53c35f895760b29a700f801303d75e&CHRESPONSE=f5292e02a114fd2781aa9fa6ec74654e219e5a33
<- 200 GET https://ndcdyn.interactivebrokers.com/sso/AuthenticateSSODH?ACTION=COMPLETE&B=48697408445690717d1d61aa05cd5fc496f367d95d8d5b132d578f099338124e3e72cae106214443d23c091513a5baf22e53c35f895760b29a700f801303d75e&CHRESPONSE=f5292e02a114fd2781aa9fa6ec74654e219e5a33
-> GET /AccountManagement/OneBarAuthentication?json=1,200|363ms
-> request: /AccountManagement/OneBarPicker/Picker/Info
-> GET /AccountManagement/OneBarPicker/Picker/Info,200|53ms
-> request: /AccountManagement/OneBarPicker/Picker/Data
-> GET /AccountManagement/OneBarPicker/Picker/Data,200|56ms
-> request: /portal.proxy/v1/portal/iserver/auth/status
-> GET /portal.proxy/v1/portal/iserver/auth/status,200|29ms
-> request: /portal.proxy/v1/portal/iserver/auth/ssodh/init
-> POST https://ndcdyn.interactivebrokers.com/portal.proxy/v1/portal/iserver/auth/ssodh/init,200|54ms
-> request: /portal.proxy/v1/portal/iserver/auth/ssodh/response
-> POST https://ndcdyn.interactivebrokers.com/portal.proxy/v1/portal/iserver/auth/ssodh/response,200|29ms
-> request: /portal.proxy/v1/portal/iserver/accounts
-> GET /portal.proxy/v1/portal/iserver/accounts,200|22ms
-> client GET /sso/Login?forwardTo=22&RL=1&ip2loc=US, redirectTo /sso/Login?forwardTo=22&RL=1&ip2loc=US
<- 200 GET /sso/Login?forwardTo=22&RL=1&ip2loc=US
-> client GET /stylesheet/web/bootstrap.v3.3.6.css, redirectTo /stylesheet/web/bootstrap.v3.3.6.css
-> client GET /stylesheet/web/bootstrap-switch.v3.3.2.min.css, redirectTo /stylesheet/web/bootstrap-switch.v3.3.2.min.css
-> client GET /stylesheet/web/font-awesome.v4.7.0.css, redirectTo /stylesheet/web/font-awesome.v4.7.0.css
-> client GET /stylesheet/web/switchery.min.css, redirectTo /stylesheet/web/switchery.min.css
<- 200 GET /stylesheet/web/bootstrap.v3.3.6.css
-> client GET /stylesheet/web/login.css, redirectTo /stylesheet/web/login.css
-> client GET /stylesheet/web/ib-common.css, redirectTo /stylesheet/web/ib-common.css
-> client GET /sso/Login?forwardTo=22&RL=1&ip2loc=US, redirectTo /sso/Login?forwardTo=22&RL=1&ip2loc=US
<- 200 GET /stylesheet/web/ib-common.css
<- 200 GET /stylesheet/web/font-awesome.v4.7.0.css
<- 200 GET /stylesheet/web/switchery.min.css
<- 200 GET /stylesheet/web/bootstrap-switch.v3.3.2.min.css
-> client GET /scripts/common/js/2015/jquery.min.js, redirectTo /scripts/common/js/2015/jquery.min.js
-> client GET /scripts/common/js/jquery-ui-1.12.1.min.js, redirectTo /scripts/common/js/jquery-ui-1.12.1.min.js
<- 200 GET /stylesheet/web/login.css
-> client GET /scripts/common/js/2015/bootstrap.min.js, redirectTo /scripts/common/js/2015/bootstrap.min.js
<- 200 GET /scripts/common/js/2015/jquery.min.js
<- 200 GET /scripts/common/js/jquery-ui-1.12.1.min.js
-> client GET /scripts/common/js/2015/bootstrap-switch.min.js, redirectTo /scripts/common/js/2015/bootstrap-switch.min.js
-> client GET /scripts/common/js/switchery.min.js, redirectTo /scripts/common/js/switchery.min.js
-> client GET /sso/CombineFiles, redirectTo /sso/CombineFiles
<- 200 GET /scripts/common/js/2015/bootstrap.min.js
<- 200 GET /sso/Login?forwardTo=22&RL=1&ip2loc=US
<- 200 GET /scripts/common/js/2015/bootstrap-switch.min.js
<- 200 GET /scripts/common/js/switchery.min.js
-> client GET /stylesheet/web/bootstrap.v3.3.6.css, redirectTo /stylesheet/web/bootstrap.v3.3.6.css
-> client GET /stylesheet/web/bootstrap-switch.v3.3.2.min.css, redirectTo /stylesheet/web/bootstrap-switch.v3.3.2.min.css
-> client GET /stylesheet/web/font-awesome.v4.7.0.css, redirectTo /stylesheet/web/font-awesome.v4.7.0.css
<- 200 GET /sso/CombineFiles
-> client GET /stylesheet/web/switchery.min.css, redirectTo /stylesheet/web/switchery.min.css
<- 200 GET /stylesheet/web/bootstrap-switch.v3.3.2.min.css
-> client GET /stylesheet/web/ib-common.css, redirectTo /stylesheet/web/ib-common.css
<- 200 GET /stylesheet/web/bootstrap.v3.3.6.css
<- 200 GET /stylesheet/web/font-awesome.v4.7.0.css
<- 200 GET /stylesheet/web/switchery.min.css
-> client GET /stylesheet/web/login.css, redirectTo /stylesheet/web/login.css
-> client GET /scripts/common/js/2015/jquery.min.js, redirectTo /scripts/common/js/2015/jquery.min.js
-> client GET /scripts/common/js/jquery-ui-1.12.1.min.js, redirectTo /scripts/common/js/jquery-ui-1.12.1.min.js
<- 200 GET /stylesheet/web/ib-common.css
-> client GET /scripts/common/js/2015/bootstrap.min.js, redirectTo /scripts/common/js/2015/bootstrap.min.js
<- 200 GET /stylesheet/web/login.css
-> client GET /scripts/common/js/2015/bootstrap-switch.min.js, redirectTo /scripts/common/js/2015/bootstrap-switch.min.js
<- 200 GET /scripts/common/js/jquery-ui-1.12.1.min.js
-> client GET /scripts/common/js/switchery.min.js, redirectTo /scripts/common/js/switchery.min.js
<- 200 GET /scripts/common/js/2015/jquery.min.js
<- 200 GET /scripts/common/js/2015/bootstrap.min.js
<- 200 GET /scripts/common/js/2015/bootstrap-switch.min.js
-> client GET /sso/CombineFiles, redirectTo /sso/CombineFiles
-> client GET /images/2015/btn-app-apple.png, redirectTo /images/2015/btn-app-apple.png
-> client GET /images/2015/btn-app-google.png, redirectTo /images/2015/btn-app-google.png
<- 200 GET /images/2015/btn-app-apple.png
<- 200 GET /scripts/common/js/switchery.min.js
-> client GET /images/2015/btn-app-apple.png, redirectTo /images/2015/btn-app-apple.png
-> client GET /images/2015/btn-app-tws.png, redirectTo /images/2015/btn-app-tws.png
<- 200 GET /sso/CombineFiles
-> client GET /images/2015/button_discover_apis.png, redirectTo /images/2015/button_discover_apis.png
<- 200 GET /images/2015/btn-app-google.png
<- 200 GET /images/2015/btn-app-apple.png
-> client GET /images/2015/btn-app-google.png, redirectTo /images/2015/btn-app-google.png
<- 200 GET /images/2015/btn-app-tws.png
-> client GET /images/2015/btn-app-tws.png, redirectTo /images/2015/btn-app-tws.png
<- 200 GET /images/2015/button_discover_apis.png
<- 200 GET /images/2015/btn-app-google.png
<- 200 GET /images/2015/btn-app-tws.png
-> client GET /images/2015/button_discover_apis.png, redirectTo /images/2015/button_discover_apis.png
<- 200 GET /images/2015/button_discover_apis.png
-> client GET /images/2015/template/logo-ib-ibkr-txtwht.svg, redirectTo /images/2015/template/logo-ib-ibkr-txtwht.svg
<- 200 GET /images/2015/template/logo-ib-ibkr-txtwht.svg
-> client GET /images/2015/template/logo-ib-ibkr-txtblk.svg, redirectTo /images/2015/template/logo-ib-ibkr-txtblk.svg
<- 200 GET /images/2015/template/logo-ib-ibkr-txtblk.svg
-> client GET /fonts/Proxima-Nova-Light.woff2, redirectTo /fonts/Proxima-Nova-Light.woff2
-> client GET /fonts/fontawesome-webfont.woff2?v=4.6.1, redirectTo /fonts/fontawesome-webfont.woff2?v=4.6.1
-> client GET /fonts/Proxima-Nova-Semibold.woff2, redirectTo /fonts/Proxima-Nova-Semibold.woff2
-> client GET /fonts/Proxima-Nova-Regular.woff2, redirectTo /fonts/Proxima-Nova-Regular.woff2
<- 200 GET /fonts/Proxima-Nova-Light.woff2
<- 200 GET /fonts/Proxima-Nova-Semibold.woff2
<- 200 GET /fonts/fontawesome-webfont.woff2?v=4.6.1
<- 200 GET /fonts/Proxima-Nova-Regular.woff2
-> client POST /sso/Authenticator?23077, redirectTo /sso/Authenticator?23077
<- 200 POST /sso/Authenticator?23077
-> client POST /sso/Authenticator?11572, redirectTo /sso/Authenticator?11572
<- 200 POST /sso/Authenticator?11572
-> client POST /sso/Dispatcher, redirectTo /sso/Dispatcher
<- 302 POST /sso/Dispatcher
-> request: /portal.proxy/v1/portal/sso/validate?gw=1
-> request: /AccountManagement/OneBarAuthentication?json=1
-> GET /portal.proxy/v1/portal/sso/validate?gw=1,200|98ms
-> request: /portal.proxy/v1/portal/one/user
-> request: /sso/AuthenticateSSODH?ACTION=INIT
-> sso GET https://ndcdyn.interactivebrokers.com/sso/AuthenticateSSODH?ACTION=INIT
-> GET /portal.proxy/v1/portal/one/user,200|38ms
-> GET /AccountManagement/OneBarAuthentication?json=1,200|285ms
-> request: /AccountManagement/OneBarPicker/Picker/Info
<- 200 GET https://ndcdyn.interactivebrokers.com/sso/AuthenticateSSODH?ACTION=INIT
-> request: /sso/AuthenticateSSODH?ACTION=COMPLETE&B=4bbd4f0669d97a32a1ff7b10a31b5288ca21cda288afc09fb9e248750b5d40a7514169d52e16297acb11d2e94c590674b4856fc43e5dd7e3e171820477f9d1f3&CHRESPONSE=f271ec0e0cf34d22341e5e38da90f5f8e6dae004
-> sso GET https://ndcdyn.interactivebrokers.com/sso/AuthenticateSSODH?ACTION=COMPLETE&B=4bbd4f0669d97a32a1ff7b10a31b5288ca21cda288afc09fb9e248750b5d40a7514169d52e16297acb11d2e94c590674b4856fc43e5dd7e3e171820477f9d1f3&CHRESPONSE=f271ec0e0cf34d22341e5e38da90f5f8e6dae004
<- 200 GET https://ndcdyn.interactivebrokers.com/sso/AuthenticateSSODH?ACTION=COMPLETE&B=4bbd4f0669d97a32a1ff7b10a31b5288ca21cda288afc09fb9e248750b5d40a7514169d52e16297acb11d2e94c590674b4856fc43e5dd7e3e171820477f9d1f3&CHRESPONSE=f271ec0e0cf34d22341e5e38da90f5f8e6dae004
-> GET /AccountManagement/OneBarPicker/Picker/Info,200|52ms
-> request: /AccountManagement/OneBarPicker/Picker/Data
-> GET /AccountManagement/OneBarPicker/Picker/Data,200|52ms
-> request: /portal.proxy/v1/portal/iserver/auth/status
-> GET /portal.proxy/v1/portal/iserver/auth/status,200|30ms
-> request: /portal.proxy/v1/portal/iserver/auth/ssodh/init
-> POST https://ndcdyn.interactivebrokers.com/portal.proxy/v1/portal/iserver/auth/ssodh/init,500|10082ms
-> client GET /v1/portal/iserver/contract/c/info, redirectTo /portal.proxy/v1/portal/iserver/contract/c/info
<- 401 GET /v1/portal/iserver/contract/c/info
-> client GET /v1/portal/iserver/contract/242506861/info, redirectTo /portal.proxy/v1/portal/iserver/contract/242506861/info
<- 401 GET /v1/portal/iserver/contract/242506861/info
-> client GET /sso/Login?forwardTo=22&RL=1&ip2loc=US, redirectTo /sso/Login?forwardTo=22&RL=1&ip2loc=US
<- 200 GET /sso/Login?forwardTo=22&RL=1&ip2loc=US
-> client GET /stylesheet/web/login.css, redirectTo /stylesheet/web/login.css
-> client GET /sso/Login?forwardTo=22&RL=1&ip2loc=US, redirectTo /sso/Login?forwardTo=22&RL=1&ip2loc=US
-> client GET /stylesheet/web/bootstrap.v3.3.6.css, redirectTo /stylesheet/web/bootstrap.v3.3.6.css
-> client GET /stylesheet/web/bootstrap-switch.v3.3.2.min.css, redirectTo /stylesheet/web/bootstrap-switch.v3.3.2.min.css
-> client GET /stylesheet/web/font-awesome.v4.7.0.css, redirectTo /stylesheet/web/font-awesome.v4.7.0.css
<- 200 GET /stylesheet/web/login.css
-> client GET /stylesheet/web/switchery.min.css, redirectTo /stylesheet/web/switchery.min.css
-> client GET /stylesheet/web/ib-common.css, redirectTo /stylesheet/web/ib-common.css
<- 200 GET /stylesheet/web/switchery.min.css
-> client GET /scripts/common/js/2015/jquery.min.js, redirectTo /scripts/common/js/2015/jquery.min.js
<- 200 GET /stylesheet/web/ib-common.css
<- 200 GET /stylesheet/web/bootstrap-switch.v3.3.2.min.css
<- 200 GET /stylesheet/web/font-awesome.v4.7.0.css
<- 200 GET /stylesheet/web/bootstrap.v3.3.6.css
-> client GET /scripts/common/js/jquery-ui-1.12.1.min.js, redirectTo /scripts/common/js/jquery-ui-1.12.1.min.js
-> client GET /scripts/common/js/2015/bootstrap.min.js, redirectTo /scripts/common/js/2015/bootstrap.min.js
<- 200 GET /scripts/common/js/2015/jquery.min.js
<- 200 GET /scripts/common/js/jquery-ui-1.12.1.min.js
-> client GET /scripts/common/js/2015/bootstrap-switch.min.js, redirectTo /scripts/common/js/2015/bootstrap-switch.min.js
<- 200 GET /sso/Login?forwardTo=22&RL=1&ip2loc=US
<- 200 GET /scripts/common/js/2015/bootstrap.min.js
-> client GET /scripts/common/js/switchery.min.js, redirectTo /scripts/common/js/switchery.min.js
-> client GET /sso/CombineFiles, redirectTo /sso/CombineFiles
<- 200 GET /scripts/common/js/2015/bootstrap-switch.min.js
-> client GET /images/2015/btn-app-apple.png, redirectTo /images/2015/btn-app-apple.png
-> client GET /images/2015/btn-app-google.png, redirectTo /images/2015/btn-app-google.png
<- 200 GET /scripts/common/js/switchery.min.js
-> client GET /images/2015/btn-app-tws.png, redirectTo /images/2015/btn-app-tws.png
-> client GET /images/2015/button_discover_apis.png, redirectTo /images/2015/button_discover_apis.png
<- 200 GET /images/2015/btn-app-apple.png
<- 200 GET /sso/CombineFiles
<- 200 GET /images/2015/btn-app-tws.png
<- 200 GET /images/2015/btn-app-google.png
<- 200 GET /images/2015/button_discover_apis.png
-> client GET /stylesheet/web/bootstrap.v3.3.6.css, redirectTo /stylesheet/web/bootstrap.v3.3.6.css
-> client GET /stylesheet/web/bootstrap-switch.v3.3.2.min.css, redirectTo /stylesheet/web/bootstrap-switch.v3.3.2.min.css
-> client GET /stylesheet/web/font-awesome.v4.7.0.css, redirectTo /stylesheet/web/font-awesome.v4.7.0.css
-> client GET /stylesheet/web/switchery.min.css, redirectTo /stylesheet/web/switchery.min.css
-> client GET /stylesheet/web/ib-common.css, redirectTo /stylesheet/web/ib-common.css
<- 200 GET /stylesheet/web/bootstrap.v3.3.6.css
<- 200 GET /stylesheet/web/bootstrap-switch.v3.3.2.min.css
-> client GET /stylesheet/web/login.css, redirectTo /stylesheet/web/login.css
-> client GET /scripts/common/js/2015/jquery.min.js, redirectTo /scripts/common/js/2015/jquery.min.js
<- 200 GET /stylesheet/web/font-awesome.v4.7.0.css
<- 200 GET /stylesheet/web/switchery.min.css
-> client GET /scripts/common/js/jquery-ui-1.12.1.min.js, redirectTo /scripts/common/js/jquery-ui-1.12.1.min.js
-> client GET /scripts/common/js/2015/bootstrap.min.js, redirectTo /scripts/common/js/2015/bootstrap.min.js
<- 200 GET /stylesheet/web/ib-common.css
<- 200 GET /stylesheet/web/login.css
-> client GET /scripts/common/js/2015/bootstrap-switch.min.js, redirectTo /scripts/common/js/2015/bootstrap-switch.min.js
<- 200 GET /scripts/common/js/2015/jquery.min.js
<- 200 GET /scripts/common/js/jquery-ui-1.12.1.min.js
-> client GET /scripts/common/js/switchery.min.js, redirectTo /scripts/common/js/switchery.min.js
<- 200 GET /scripts/common/js/2015/bootstrap.min.js
-> client GET /sso/CombineFiles, redirectTo /sso/CombineFiles
-> client GET /images/2015/btn-app-apple.png, redirectTo /images/2015/btn-app-apple.png
<- 200 GET /scripts/common/js/2015/bootstrap-switch.min.js
-> client GET /images/2015/btn-app-google.png, redirectTo /images/2015/btn-app-google.png
<- 200 GET /scripts/common/js/switchery.min.js
<- 200 GET /sso/CombineFiles
<- 200 GET /images/2015/btn-app-apple.png
-> client GET /images/2015/btn-app-tws.png, redirectTo /images/2015/btn-app-tws.png
<- 200 GET /images/2015/btn-app-google.png
-> client GET /images/2015/button_discover_apis.png, redirectTo /images/2015/button_discover_apis.png
<- 200 GET /images/2015/btn-app-tws.png
<- 200 GET /images/2015/button_discover_apis.png
-> client GET /images/2015/template/logo-ib-ibkr-txtwht.svg, redirectTo /images/2015/template/logo-ib-ibkr-txtwht.svg
<- 200 GET /images/2015/template/logo-ib-ibkr-txtwht.svg
-> client GET /images/2015/template/logo-ib-ibkr-txtblk.svg, redirectTo /images/2015/template/logo-ib-ibkr-txtblk.svg
<- 200 GET /images/2015/template/logo-ib-ibkr-txtblk.svg
-> client GET /fonts/Proxima-Nova-Light.woff2, redirectTo /fonts/Proxima-Nova-Light.woff2
-> client GET /fonts/fontawesome-webfont.woff2?v=4.6.1, redirectTo /fonts/fontawesome-webfont.woff2?v=4.6.1
-> client GET /fonts/Proxima-Nova-Semibold.woff2, redirectTo /fonts/Proxima-Nova-Semibold.woff2
-> client GET /fonts/Proxima-Nova-Regular.woff2, redirectTo /fonts/Proxima-Nova-Regular.woff2
<- 200 GET /fonts/Proxima-Nova-Light.woff2
<- 200 GET /fonts/Proxima-Nova-Semibold.woff2
<- 200 GET /fonts/Proxima-Nova-Regular.woff2
<- 200 GET /fonts/fontawesome-webfont.woff2?v=4.6.1
-> client POST /sso/Authenticator?40181, redirectTo /sso/Authenticator?40181
<- 200 POST /sso/Authenticator?40181
-> client POST /sso/Authenticator?23371, redirectTo /sso/Authenticator?23371
<- 200 POST /sso/Authenticator?23371
-> client POST /sso/Authenticator?73510, redirectTo /sso/Authenticator?73510
<- 200 POST /sso/Authenticator?73510
-> client POST /sso/Authenticator?30433, redirectTo /sso/Authenticator?30433
<- 200 POST /sso/Authenticator?30433
-> client POST /sso/Authenticator?57973, redirectTo /sso/Authenticator?57973
<- 200 POST /sso/Authenticator?57973
-> client POST /sso/Authenticator?52874, redirectTo /sso/Authenticator?52874
<- 200 POST /sso/Authenticator?52874
-> client POST /sso/Dispatcher, redirectTo /sso/Dispatcher
<- 302 POST /sso/Dispatcher
-> request: /portal.proxy/v1/portal/sso/validate?gw=1
-> request: /AccountManagement/OneBarAuthentication?json=1
-> GET /portal.proxy/v1/portal/sso/validate?gw=1,200|74ms
-> request: /portal.proxy/v1/portal/one/user
-> request: /sso/AuthenticateSSODH?ACTION=INIT
-> sso GET https://ndcdyn.interactivebrokers.com/sso/AuthenticateSSODH?ACTION=INIT
-> GET /portal.proxy/v1/portal/one/user,200|60ms
-> GET /AccountManagement/OneBarAuthentication?json=1,200|256ms
-> request: /AccountManagement/OneBarPicker/Picker/Info
<- 200 GET https://ndcdyn.interactivebrokers.com/sso/AuthenticateSSODH?ACTION=INIT
-> request: /sso/AuthenticateSSODH?ACTION=COMPLETE&B=9e8a31e6bd554b5dbaaccf109551416e4c1ad08a3cb52ba7dd9e9937f28eefc5f9c5aa5b442b3b4846b6f40d00160f62fa3c6f6a2b13787a4ac719f7e3aa5de7&CHRESPONSE=9a78b22bb067320bbba5a17acbf137f79017fe8d
-> sso GET https://ndcdyn.interactivebrokers.com/sso/AuthenticateSSODH?ACTION=COMPLETE&B=9e8a31e6bd554b5dbaaccf109551416e4c1ad08a3cb52ba7dd9e9937f28eefc5f9c5aa5b442b3b4846b6f40d00160f62fa3c6f6a2b13787a4ac719f7e3aa5de7&CHRESPONSE=9a78b22bb067320bbba5a17acbf137f79017fe8d
<- 200 GET https://ndcdyn.interactivebrokers.com/sso/AuthenticateSSODH?ACTION=COMPLETE&B=9e8a31e6bd554b5dbaaccf109551416e4c1ad08a3cb52ba7dd9e9937f28eefc5f9c5aa5b442b3b4846b6f40d00160f62fa3c6f6a2b13787a4ac719f7e3aa5de7&CHRESPONSE=9a78b22bb067320bbba5a17acbf137f79017fe8d
-> GET /AccountManagement/OneBarPicker/Picker/Info,200|58ms
-> request: /AccountManagement/OneBarPicker/Picker/Data
-> GET /AccountManagement/OneBarPicker/Picker/Data,200|47ms
-> request: /portal.proxy/v1/portal/iserver/auth/status
-> GET /portal.proxy/v1/portal/iserver/auth/status,200|26ms
-> request: /portal.proxy/v1/portal/iserver/auth/ssodh/init
-> POST https://ndcdyn.interactivebrokers.com/portal.proxy/v1/portal/iserver/auth/ssodh/init,200|50ms
-> request: /portal.proxy/v1/portal/iserver/auth/ssodh/response
-> POST https://ndcdyn.interactivebrokers.com/portal.proxy/v1/portal/iserver/auth/ssodh/response,200|50ms
-> request: /portal.proxy/v1/portal/iserver/accounts
-> GET /portal.proxy/v1/portal/iserver/accounts,200|30ms
-> client GET /v1/portal/iserver/contract/242506861/info, redirectTo /portal.proxy/v1/portal/iserver/contract/242506861/info
<- 200 GET /v1/portal/iserver/contract/242506861/info
-> request: /portal.proxy/v1/portal/tickle
-> request: /portal.proxy/v1/portal/iserver/auth/status
-> GET /portal.proxy/v1/portal/iserver/auth/status,200|66ms
-> request: /portal.proxy/v1/portal/iserver/accounts
-> GET /portal.proxy/v1/portal/tickle,200|75ms
-> GET /portal.proxy/v1/portal/iserver/accounts,200|50ms
-> request: /portal.proxy/v1/portal/tickle
-> request: /portal.proxy/v1/portal/iserver/auth/status
-> GET /portal.proxy/v1/portal/iserver/auth/status,200|66ms
-> request: /portal.proxy/v1/portal/iserver/accounts
-> GET /portal.proxy/v1/portal/tickle,200|83ms
-> GET /portal.proxy/v1/portal/iserver/accounts,200|49ms
-> request: /portal.proxy/v1/portal/tickle
-> request: /portal.proxy/v1/portal/iserver/auth/status
-> GET /portal.proxy/v1/portal/iserver/auth/status,200|84ms
-> request: /portal.proxy/v1/portal/iserver/accounts
-> GET /portal.proxy/v1/portal/tickle,200|90ms
-> GET /portal.proxy/v1/portal/iserver/accounts,200|56ms
-> client GET /v1/portal/iserver/contract/42506861/info, redirectTo /portal.proxy/v1/portal/iserver/contract/42506861/info
<- 400 GET /v1/portal/iserver/contract/42506861/info
-> request: /portal.proxy/v1/portal/tickle
-> request: /portal.proxy/v1/portal/iserver/auth/status
-> GET /portal.proxy/v1/portal/iserver/auth/status,200|68ms
-> request: /portal.proxy/v1/portal/iserver/accounts
-> GET /portal.proxy/v1/portal/tickle,200|71ms
-> GET /portal.proxy/v1/portal/iserver/accounts,200|55ms
-> client GET /v1/portal/iserver/contract/242506861/info, redirectTo /portal.proxy/v1/portal/iserver/contract/242506861/info
<- 200 GET /v1/portal/iserver/contract/242506861/info
-> request: /portal.proxy/v1/portal/tickle
-> request: /portal.proxy/v1/portal/iserver/auth/status
-> GET /portal.proxy/v1/portal/tickle,200|62ms
-> GET /portal.proxy/v1/portal/iserver/auth/status,200|89ms
-> request: /portal.proxy/v1/portal/iserver/accounts
-> GET /portal.proxy/v1/portal/iserver/accounts,200|19ms
