-> client GET /sso/Login?forwardTo=22&RL=1&ip2loc=US, redirectTo /sso/Login?forwardTo=22&RL=1&ip2loc=US
<- 200 GET /sso/Login?forwardTo=22&RL=1&ip2loc=US
-> client GET /stylesheet/web/login.css, redirectTo /stylesheet/web/login.css
-> client GET /stylesheet/web/bootstrap.v3.3.6.css, redirectTo /stylesheet/web/bootstrap.v3.3.6.css
-> client GET /stylesheet/web/bootstrap-switch.v3.3.2.min.css, redirectTo /stylesheet/web/bootstrap-switch.v3.3.2.min.css
-> client GET /stylesheet/web/font-awesome.v4.7.0.css, redirectTo /stylesheet/web/font-awesome.v4.7.0.css
-> client GET /stylesheet/web/switchery.min.css, redirectTo /stylesheet/web/switchery.min.css
<- 200 GET /stylesheet/web/login.css
-> client GET /stylesheet/web/ib-common.css, redirectTo /stylesheet/web/ib-common.css
-> client GET /scripts/common/js/2015/jquery.min.js, redirectTo /scripts/common/js/2015/jquery.min.js
<- 200 GET /stylesheet/web/ib-common.css
<- 200 GET /stylesheet/web/bootstrap.v3.3.6.css
-> client GET /scripts/common/js/jquery-ui-1.12.1.min.js, redirectTo /scripts/common/js/jquery-ui-1.12.1.min.js
<- 200 GET /stylesheet/web/bootstrap-switch.v3.3.2.min.css
<- 200 GET /stylesheet/web/font-awesome.v4.7.0.css
<- 200 GET /stylesheet/web/switchery.min.css
-> client GET /sso/Login?forwardTo=22&RL=1&ip2loc=US, redirectTo /sso/Login?forwardTo=22&RL=1&ip2loc=US
<- 200 GET /scripts/common/js/2015/jquery.min.js
-> client GET /scripts/common/js/2015/bootstrap.min.js, redirectTo /scripts/common/js/2015/bootstrap.min.js
<- 200 GET /scripts/common/js/jquery-ui-1.12.1.min.js
-> client GET /scripts/common/js/2015/bootstrap-switch.min.js, redirectTo /scripts/common/js/2015/bootstrap-switch.min.js
<- 200 GET /scripts/common/js/2015/bootstrap.min.js
-> client GET /scripts/common/js/switchery.min.js, redirectTo /scripts/common/js/switchery.min.js
-> client GET /sso/CombineFiles, redirectTo /sso/CombineFiles
<- 200 GET /scripts/common/js/2015/bootstrap-switch.min.js
-> client GET /images/2015/btn-app-apple.png, redirectTo /images/2015/btn-app-apple.png
<- 200 GET /sso/Login?forwardTo=22&RL=1&ip2loc=US
<- 200 GET /scripts/common/js/switchery.min.js
-> client GET /images/2015/btn-app-google.png, redirectTo /images/2015/btn-app-google.png
<- 200 GET /sso/CombineFiles
-> client GET /stylesheet/web/bootstrap.v3.3.6.css, redirectTo /stylesheet/web/bootstrap.v3.3.6.css
-> client GET /stylesheet/web/bootstrap-switch.v3.3.2.min.css, redirectTo /stylesheet/web/bootstrap-switch.v3.3.2.min.css
<- 200 GET /images/2015/btn-app-apple.png
<- 200 GET /images/2015/btn-app-google.png
-> client GET /stylesheet/web/font-awesome.v4.7.0.css, redirectTo /stylesheet/web/font-awesome.v4.7.0.css
-> client GET /stylesheet/web/switchery.min.css, redirectTo /stylesheet/web/switchery.min.css
<- 200 GET /stylesheet/web/bootstrap-switch.v3.3.2.min.css
<- 200 GET /stylesheet/web/bootstrap.v3.3.6.css
-> client GET /stylesheet/web/ib-common.css, redirectTo /stylesheet/web/ib-common.css
-> client GET /stylesheet/web/login.css, redirectTo /stylesheet/web/login.css
-> client GET /scripts/common/js/2015/jquery.min.js, redirectTo /scripts/common/js/2015/jquery.min.js
<- 200 GET /stylesheet/web/font-awesome.v4.7.0.css
<- 200 GET /stylesheet/web/switchery.min.css
-> client GET /scripts/common/js/jquery-ui-1.12.1.min.js, redirectTo /scripts/common/js/jquery-ui-1.12.1.min.js
-> client GET /scripts/common/js/2015/bootstrap.min.js, redirectTo /scripts/common/js/2015/bootstrap.min.js
<- 200 GET /stylesheet/web/ib-common.css
<- 200 GET /stylesheet/web/login.css
-> client GET /scripts/common/js/2015/bootstrap-switch.min.js, redirectTo /scripts/common/js/2015/bootstrap-switch.min.js
<- 200 GET /scripts/common/js/jquery-ui-1.12.1.min.js
<- 200 GET /scripts/common/js/2015/jquery.min.js
-> client GET /scripts/common/js/switchery.min.js, redirectTo /scripts/common/js/switchery.min.js
-> client GET /sso/CombineFiles, redirectTo /sso/CombineFiles
<- 200 GET /scripts/common/js/2015/bootstrap.min.js
-> client GET /images/2015/btn-app-tws.png, redirectTo /images/2015/btn-app-tws.png
-> client GET /images/2015/btn-app-apple.png, redirectTo /images/2015/btn-app-apple.png
<- 200 GET /scripts/common/js/2015/bootstrap-switch.min.js
-> client GET /images/2015/btn-app-google.png, redirectTo /images/2015/btn-app-google.png
<- 200 GET /scripts/common/js/switchery.min.js
-> client GET /images/2015/button_discover_apis.png, redirectTo /images/2015/button_discover_apis.png
<- 200 GET /sso/CombineFiles
<- 200 GET /images/2015/btn-app-tws.png
<- 200 GET /images/2015/btn-app-apple.png
-> client GET /images/2015/btn-app-tws.png, redirectTo /images/2015/btn-app-tws.png
<- 200 GET /images/2015/btn-app-google.png
<- 200 GET /images/2015/btn-app-tws.png
<- 200 GET /images/2015/button_discover_apis.png
-> client GET /images/2015/button_discover_apis.png, redirectTo /images/2015/button_discover_apis.png
<- 200 GET /images/2015/button_discover_apis.png
-> client GET /images/2015/template/logo-ib-ibkr-txtwht.svg, redirectTo /images/2015/template/logo-ib-ibkr-txtwht.svg
<- 200 GET /images/2015/template/logo-ib-ibkr-txtwht.svg
-> client GET /images/2015/template/logo-ib-ibkr-txtblk.svg, redirectTo /images/2015/template/logo-ib-ibkr-txtblk.svg
<- 200 GET /images/2015/template/logo-ib-ibkr-txtblk.svg
-> client GET /fonts/Proxima-Nova-Light.woff2, redirectTo /fonts/Proxima-Nova-Light.woff2
-> client GET /fonts/fontawesome-webfont.woff2?v=4.6.1, redirectTo /fonts/fontawesome-webfont.woff2?v=4.6.1
-> client GET /fonts/Proxima-Nova-Semibold.woff2, redirectTo /fonts/Proxima-Nova-Semibold.woff2
-> client GET /fonts/Proxima-Nova-Regular.woff2, redirectTo /fonts/Proxima-Nova-Regular.woff2
<- 200 GET /fonts/Proxima-Nova-Light.woff2
<- 200 GET /fonts/Proxima-Nova-Regular.woff2
<- 200 GET /fonts/Proxima-Nova-Semibold.woff2
<- 200 GET /fonts/fontawesome-webfont.woff2?v=4.6.1
-> client GET /images/2015/template/home-screen-icon-128x128.png, redirectTo /images/2015/template/home-screen-icon-128x128.png
<- 200 GET /images/2015/template/home-screen-icon-128x128.png
-> client POST /sso/Authenticator?35837, redirectTo /sso/Authenticator?35837
<- 200 POST /sso/Authenticator?35837
-> client POST /sso/Authenticator?7336, redirectTo /sso/Authenticator?7336
<- 200 POST /sso/Authenticator?7336
-> client POST /sso/Authenticator?59670, redirectTo /sso/Authenticator?59670
<- 200 POST /sso/Authenticator?59670
-> client POST /sso/Authenticator?96088, redirectTo /sso/Authenticator?96088
<- 200 POST /sso/Authenticator?96088
-> client POST /sso/Authenticator?34217, redirectTo /sso/Authenticator?34217
<- 200 POST /sso/Authenticator?34217
-> client POST /sso/Authenticator?30440, redirectTo /sso/Authenticator?30440
<- 200 POST /sso/Authenticator?30440
-> client POST /sso/Authenticator?76143, redirectTo /sso/Authenticator?76143
<- 200 POST /sso/Authenticator?76143
-> client POST /sso/Authenticator?16147, redirectTo /sso/Authenticator?16147
<- 200 POST /sso/Authenticator?16147
-> client POST /sso/Authenticator?99357, redirectTo /sso/Authenticator?99357
<- 200 POST /sso/Authenticator?99357
-> client POST /sso/Authenticator?65504, redirectTo /sso/Authenticator?65504
<- 200 POST /sso/Authenticator?65504
-> client POST /sso/Authenticator?731, redirectTo /sso/Authenticator?731
<- 200 POST /sso/Authenticator?731
-> client POST /sso/Authenticator?40526, redirectTo /sso/Authenticator?40526
<- 200 POST /sso/Authenticator?40526
-> client POST /sso/Authenticator?95852, redirectTo /sso/Authenticator?95852
<- 200 POST /sso/Authenticator?95852
-> client POST /sso/Authenticator?2226, redirectTo /sso/Authenticator?2226
<- 200 POST /sso/Authenticator?2226
-> client POST /sso/Authenticator?60607, redirectTo /sso/Authenticator?60607
<- 200 POST /sso/Authenticator?60607
-> client POST /sso/Authenticator?23898, redirectTo /sso/Authenticator?23898
<- 200 POST /sso/Authenticator?23898
-> client POST /sso/Dispatcher, redirectTo /sso/Dispatcher
<- 302 POST /sso/Dispatcher
-> request: /portal.proxy/v1/portal/sso/validate?gw=1
-> request: /AccountManagement/OneBarAuthentication?json=1
-> GET /portal.proxy/v1/portal/sso/validate?gw=1,200|64ms
-> request: /portal.proxy/v1/portal/one/user
-> request: /sso/AuthenticateSSODH?ACTION=INIT
-> sso GET https://ndcdyn.interactivebrokers.com/sso/AuthenticateSSODH?ACTION=INIT
-> GET /portal.proxy/v1/portal/one/user,200|39ms
<- 200 GET https://ndcdyn.interactivebrokers.com/sso/AuthenticateSSODH?ACTION=INIT
-> request: /sso/AuthenticateSSODH?ACTION=COMPLETE&B=25aaead5e56d26a2a31d78f85b78e73fc43adcc1dba190541dd83180d5c0fae603d1883b085dc0322616f2bc3949df21a5eabff59c66b4cb9b10188b1e6cd1c1&CHRESPONSE=29b75e5a76cd6f8b3dc504e7b4054b1bb09ff2e8
-> sso GET https://ndcdyn.interactivebrokers.com/sso/AuthenticateSSODH?ACTION=COMPLETE&B=25aaead5e56d26a2a31d78f85b78e73fc43adcc1dba190541dd83180d5c0fae603d1883b085dc0322616f2bc3949df21a5eabff59c66b4cb9b10188b1e6cd1c1&CHRESPONSE=29b75e5a76cd6f8b3dc504e7b4054b1bb09ff2e8
<- 200 GET https://ndcdyn.interactivebrokers.com/sso/AuthenticateSSODH?ACTION=COMPLETE&B=25aaead5e56d26a2a31d78f85b78e73fc43adcc1dba190541dd83180d5c0fae603d1883b085dc0322616f2bc3949df21a5eabff59c66b4cb9b10188b1e6cd1c1&CHRESPONSE=29b75e5a76cd6f8b3dc504e7b4054b1bb09ff2e8
-> GET /AccountManagement/OneBarAuthentication?json=1,200|276ms
-> request: /AccountManagement/OneBarPicker/Picker/Info
-> GET /AccountManagement/OneBarPicker/Picker/Info,200|44ms
-> request: /AccountManagement/OneBarPicker/Picker/Data
-> GET /AccountManagement/OneBarPicker/Picker/Data,200|50ms
-> request: /portal.proxy/v1/portal/iserver/auth/status
-> GET /portal.proxy/v1/portal/iserver/auth/status,200|33ms
-> request: /portal.proxy/v1/portal/iserver/auth/ssodh/init
-> POST https://ndcdyn.interactivebrokers.com/portal.proxy/v1/portal/iserver/auth/ssodh/init,200|59ms
-> request: /portal.proxy/v1/portal/iserver/auth/ssodh/response
-> POST https://ndcdyn.interactivebrokers.com/portal.proxy/v1/portal/iserver/auth/ssodh/response,200|26ms
-> request: /portal.proxy/v1/portal/iserver/accounts
-> GET /portal.proxy/v1/portal/iserver/accounts,200|19ms
-> request: /portal.proxy/v1/portal/tickle
-> request: /portal.proxy/v1/portal/iserver/auth/status
-> GET /portal.proxy/v1/portal/iserver/auth/status,200|68ms
-> request: /portal.proxy/v1/portal/iserver/accounts
-> GET /portal.proxy/v1/portal/tickle,200|82ms
-> GET /portal.proxy/v1/portal/iserver/accounts,200|72ms
-> request: /portal.proxy/v1/portal/tickle
-> request: /portal.proxy/v1/portal/iserver/auth/status
-> GET /portal.proxy/v1/portal/tickle,200|69ms
-> GET /portal.proxy/v1/portal/iserver/auth/status,200|67ms
-> request: /portal.proxy/v1/portal/iserver/accounts
-> GET /portal.proxy/v1/portal/iserver/accounts,200|21ms
-> request: /portal.proxy/v1/portal/tickle
-> request: /portal.proxy/v1/portal/iserver/auth/status
-> GET /portal.proxy/v1/portal/iserver/auth/status,200|67ms
-> request: /portal.proxy/v1/portal/iserver/accounts
-> GET /portal.proxy/v1/portal/tickle,200|75ms
-> GET /portal.proxy/v1/portal/iserver/accounts,200|49ms
-> request: /portal.proxy/v1/portal/tickle
-> request: /portal.proxy/v1/portal/iserver/auth/status
-> GET /portal.proxy/v1/portal/iserver/auth/status,200|83ms
-> request: /portal.proxy/v1/portal/iserver/accounts
-> GET /portal.proxy/v1/portal/tickle,200|87ms
-> GET /portal.proxy/v1/portal/iserver/accounts,200|49ms
-> request: /portal.proxy/v1/portal/tickle
-> request: /portal.proxy/v1/portal/iserver/auth/status
-> GET /portal.proxy/v1/portal/tickle,200|65ms
-> GET /portal.proxy/v1/portal/iserver/auth/status,200|71ms
-> request: /portal.proxy/v1/portal/iserver/accounts
-> GET /portal.proxy/v1/portal/iserver/accounts,200|24ms
-> request: /portal.proxy/v1/portal/tickle
-> request: /portal.proxy/v1/portal/iserver/auth/status
-> GET /portal.proxy/v1/portal/tickle,200|67ms
-> GET /portal.proxy/v1/portal/iserver/auth/status,200|68ms
-> request: /portal.proxy/v1/portal/iserver/accounts
-> GET /portal.proxy/v1/portal/iserver/accounts,200|25ms
-> request: /portal.proxy/v1/portal/tickle
-> request: /portal.proxy/v1/portal/iserver/auth/status
-> GET /portal.proxy/v1/portal/tickle,200|72ms
-> GET /portal.proxy/v1/portal/iserver/auth/status,200|80ms
-> request: /portal.proxy/v1/portal/iserver/accounts
-> GET /portal.proxy/v1/portal/iserver/accounts,200|43ms
-> request: /portal.proxy/v1/portal/tickle
-> request: /portal.proxy/v1/portal/iserver/auth/status
-> GET /portal.proxy/v1/portal/tickle,200|89ms
-> GET /portal.proxy/v1/portal/iserver/auth/status,200|86ms
-> request: /portal.proxy/v1/portal/iserver/accounts
-> GET /portal.proxy/v1/portal/iserver/accounts,200|53ms
-> request: /portal.proxy/v1/portal/tickle
-> request: /portal.proxy/v1/portal/iserver/auth/status
-> GET /portal.proxy/v1/portal/tickle,200|422ms
-> GET /portal.proxy/v1/portal/iserver/auth/status,200|423ms
-> request: /portal.proxy/v1/portal/iserver/accounts
-> GET /portal.proxy/v1/portal/iserver/accounts,200|27ms
-> request: /portal.proxy/v1/portal/tickle
-> request: /portal.proxy/v1/portal/iserver/auth/status
-> GET /portal.proxy/v1/portal/iserver/auth/status,200|106ms
-> request: /portal.proxy/v1/portal/iserver/accounts
-> GET /portal.proxy/v1/portal/tickle,200|111ms
-> GET /portal.proxy/v1/portal/iserver/accounts,200|50ms
-> client GET /v1/portal/iserver/auth/status, redirectTo /portal.proxy/v1/portal/iserver/auth/status
<- 200 GET /v1/portal/iserver/auth/status
-> request: /portal.proxy/v1/portal/tickle
-> request: /portal.proxy/v1/portal/iserver/auth/status
-> GET /portal.proxy/v1/portal/tickle,200|61ms
-> GET /portal.proxy/v1/portal/iserver/auth/status,200|67ms
-> request: /portal.proxy/v1/portal/iserver/accounts
-> GET /portal.proxy/v1/portal/iserver/accounts,200|20ms
-> request: /portal.proxy/v1/portal/tickle
-> request: /portal.proxy/v1/portal/iserver/auth/status
-> GET /portal.proxy/v1/portal/iserver/auth/status,200|66ms
-> request: /portal.proxy/v1/portal/iserver/accounts
-> GET /portal.proxy/v1/portal/tickle,200|71ms
-> GET /portal.proxy/v1/portal/iserver/accounts,200|65ms
-> request: /portal.proxy/v1/portal/tickle
-> request: /portal.proxy/v1/portal/iserver/auth/status
-> GET /portal.proxy/v1/portal/iserver/auth/status,200|69ms
-> request: /portal.proxy/v1/portal/iserver/accounts
-> GET /portal.proxy/v1/portal/tickle,200|75ms
-> GET /portal.proxy/v1/portal/iserver/accounts,200|42ms
-> request: /portal.proxy/v1/portal/tickle
-> request: /portal.proxy/v1/portal/iserver/auth/status
-> GET /portal.proxy/v1/portal/iserver/auth/status,200|79ms
-> request: /portal.proxy/v1/portal/iserver/accounts
-> GET /portal.proxy/v1/portal/tickle,200|90ms
-> GET /portal.proxy/v1/portal/iserver/accounts,200|42ms
-> request: /portal.proxy/v1/portal/tickle
-> request: /portal.proxy/v1/portal/iserver/auth/status
-> GET /portal.proxy/v1/portal/tickle,200|68ms
-> GET /portal.proxy/v1/portal/iserver/auth/status,200|71ms
-> request: /portal.proxy/v1/portal/iserver/accounts
-> GET /portal.proxy/v1/portal/iserver/accounts,200|23ms
-> request: /portal.proxy/v1/portal/tickle
-> request: /portal.proxy/v1/portal/iserver/auth/status
-> GET /portal.proxy/v1/portal/iserver/auth/status,200|458ms
-> request: /portal.proxy/v1/portal/iserver/accounts
-> GET /portal.proxy/v1/portal/tickle,200|466ms
-> GET /portal.proxy/v1/portal/iserver/accounts,200|72ms
-> request: /portal.proxy/v1/portal/tickle
-> request: /portal.proxy/v1/portal/iserver/auth/status
-> GET /portal.proxy/v1/portal/tickle,200|102ms
-> GET /portal.proxy/v1/portal/iserver/auth/status,200|64ms
-> request: /portal.proxy/v1/portal/iserver/accounts
-> GET /portal.proxy/v1/portal/iserver/accounts,200|38ms
-> request: /portal.proxy/v1/portal/tickle
-> request: /portal.proxy/v1/portal/iserver/auth/status
-> GET /portal.proxy/v1/portal/iserver/auth/status,200|67ms
-> request: /portal.proxy/v1/portal/iserver/accounts
-> GET /portal.proxy/v1/portal/tickle,200|83ms
-> GET /portal.proxy/v1/portal/iserver/accounts,200|46ms
-> request: /portal.proxy/v1/portal/tickle
-> request: /portal.proxy/v1/portal/iserver/auth/status
-> GET /portal.proxy/v1/portal/tickle,200|1173ms
-> GET /portal.proxy/v1/portal/iserver/auth/status,200|1184ms
-> request: /portal.proxy/v1/portal/iserver/accounts
-> GET /portal.proxy/v1/portal/iserver/accounts,200|28ms
-> request: /portal.proxy/v1/portal/tickle
-> request: /portal.proxy/v1/portal/iserver/auth/status
-> GET /portal.proxy/v1/portal/iserver/auth/status,200|79ms
-> request: /portal.proxy/v1/portal/iserver/accounts
-> GET /portal.proxy/v1/portal/tickle,200|100ms
-> GET /portal.proxy/v1/portal/iserver/accounts,200|48ms
-> request: /portal.proxy/v1/portal/tickle
-> request: /portal.proxy/v1/portal/iserver/auth/status
-> GET /portal.proxy/v1/portal/tickle,200|83ms
-> GET /portal.proxy/v1/portal/iserver/auth/status,200|82ms
-> request: /portal.proxy/v1/portal/iserver/accounts
-> GET /portal.proxy/v1/portal/iserver/accounts,200|18ms
-> client GET /v1/portal/iserver/auth/status, redirectTo /portal.proxy/v1/portal/iserver/auth/status
<- 200 GET /v1/portal/iserver/auth/status
-> request: /portal.proxy/v1/portal/tickle
-> request: /portal.proxy/v1/portal/iserver/auth/status
-> GET /portal.proxy/v1/portal/iserver/auth/status,200|2006ms
-> request: /portal.proxy/v1/portal/iserver/accounts
-> GET /portal.proxy/v1/portal/tickle,200|2012ms
-> GET /portal.proxy/v1/portal/iserver/accounts,200|1125ms
-> request: /portal.proxy/v1/portal/tickle
-> request: /portal.proxy/v1/portal/iserver/auth/status
-> GET /portal.proxy/v1/portal/tickle,200|84ms
-> GET /portal.proxy/v1/portal/iserver/auth/status,200|91ms
-> request: /portal.proxy/v1/portal/iserver/accounts
-> GET /portal.proxy/v1/portal/iserver/accounts,200|31ms
-> client GET /sso/Login?forwardTo=22&RL=1&ip2loc=US, redirectTo /sso/Login?forwardTo=22&RL=1&ip2loc=US
<- 200 GET /sso/Login?forwardTo=22&RL=1&ip2loc=US
-> client GET /stylesheet/web/bootstrap.v3.3.6.css, redirectTo /stylesheet/web/bootstrap.v3.3.6.css
-> client GET /stylesheet/web/bootstrap-switch.v3.3.2.min.css, redirectTo /stylesheet/web/bootstrap-switch.v3.3.2.min.css
-> client GET /stylesheet/web/font-awesome.v4.7.0.css, redirectTo /stylesheet/web/font-awesome.v4.7.0.css
-> client GET /stylesheet/web/switchery.min.css, redirectTo /stylesheet/web/switchery.min.css
-> client GET /stylesheet/web/ib-common.css, redirectTo /stylesheet/web/ib-common.css
<- 200 GET /stylesheet/web/bootstrap.v3.3.6.css
-> client GET /stylesheet/web/login.css, redirectTo /stylesheet/web/login.css
-> client GET /scripts/common/js/2015/jquery.min.js, redirectTo /scripts/common/js/2015/jquery.min.js
<- 200 GET /stylesheet/web/switchery.min.css
-> client GET /scripts/common/js/jquery-ui-1.12.1.min.js, redirectTo /scripts/common/js/jquery-ui-1.12.1.min.js
<- 200 GET /stylesheet/web/font-awesome.v4.7.0.css
<- 200 GET /stylesheet/web/bootstrap-switch.v3.3.2.min.css
<- 200 GET /stylesheet/web/ib-common.css
<- 200 GET /stylesheet/web/login.css
<- 200 GET /scripts/common/js/2015/jquery.min.js
-> client GET /scripts/common/js/2015/bootstrap.min.js, redirectTo /scripts/common/js/2015/bootstrap.min.js
-> client GET /scripts/common/js/2015/bootstrap-switch.min.js, redirectTo /scripts/common/js/2015/bootstrap-switch.min.js
<- 200 GET /scripts/common/js/jquery-ui-1.12.1.min.js
<- 200 GET /scripts/common/js/2015/bootstrap.min.js
-> client GET /scripts/common/js/switchery.min.js, redirectTo /scripts/common/js/switchery.min.js
<- 200 GET /scripts/common/js/2015/bootstrap-switch.min.js
-> client GET /sso/CombineFiles, redirectTo /sso/CombineFiles
-> client GET /images/2015/btn-app-apple.png, redirectTo /images/2015/btn-app-apple.png
-> client GET /images/2015/btn-app-google.png, redirectTo /images/2015/btn-app-google.png
<- 200 GET /scripts/common/js/switchery.min.js
-> client GET /images/2015/btn-app-tws.png, redirectTo /images/2015/btn-app-tws.png
-> client GET /images/2015/button_discover_apis.png, redirectTo /images/2015/button_discover_apis.png
<- 200 GET /images/2015/btn-app-apple.png
<- 200 GET /images/2015/btn-app-google.png
<- 200 GET /sso/CombineFiles
<- 200 GET /images/2015/btn-app-tws.png
<- 200 GET /images/2015/button_discover_apis.png
-> client GET /sso/Login?forwardTo=22&RL=1&ip2loc=US, redirectTo /sso/Login?forwardTo=22&RL=1&ip2loc=US
<- 200 GET /sso/Login?forwardTo=22&RL=1&ip2loc=US
-> client GET /stylesheet/web/bootstrap.v3.3.6.css, redirectTo /stylesheet/web/bootstrap.v3.3.6.css
-> client GET /stylesheet/web/bootstrap-switch.v3.3.2.min.css, redirectTo /stylesheet/web/bootstrap-switch.v3.3.2.min.css
-> client GET /stylesheet/web/font-awesome.v4.7.0.css, redirectTo /stylesheet/web/font-awesome.v4.7.0.css
-> client GET /stylesheet/web/switchery.min.css, redirectTo /stylesheet/web/switchery.min.css
-> client GET /stylesheet/web/ib-common.css, redirectTo /stylesheet/web/ib-common.css
-> client GET /stylesheet/web/login.css, redirectTo /stylesheet/web/login.css
<- 200 GET /stylesheet/web/bootstrap.v3.3.6.css
<- 200 GET /stylesheet/web/font-awesome.v4.7.0.css
<- 200 GET /stylesheet/web/bootstrap-switch.v3.3.2.min.css
<- 200 GET /stylesheet/web/ib-common.css
<- 200 GET /stylesheet/web/switchery.min.css
-> client GET /sso/CombineFiles, redirectTo /sso/CombineFiles
<- 200 GET /stylesheet/web/login.css
<- 200 GET /sso/CombineFiles
-> client POST /sso/Authenticator?18305, redirectTo /sso/Authenticator?18305
<- 200 POST /sso/Authenticator?18305
-> client POST /sso/Authenticator?68296, redirectTo /sso/Authenticator?68296
<- 200 POST /sso/Authenticator?68296
-> client POST /sso/Authenticator?42950, redirectTo /sso/Authenticator?42950
<- 200 POST /sso/Authenticator?42950
-> client POST /sso/Authenticator?33855, redirectTo /sso/Authenticator?33855
<- 200 POST /sso/Authenticator?33855
-> client POST /sso/Authenticator?74270, redirectTo /sso/Authenticator?74270
<- 200 POST /sso/Authenticator?74270
-> client POST /sso/Authenticator?30970, redirectTo /sso/Authenticator?30970
<- 200 POST /sso/Authenticator?30970
-> client POST /sso/Dispatcher, redirectTo /sso/Dispatcher
<- 302 POST /sso/Dispatcher
-> request: /portal.proxy/v1/portal/sso/validate?gw=1
-> request: /AccountManagement/OneBarAuthentication?json=1
-> GET /portal.proxy/v1/portal/sso/validate?gw=1,200|68ms
-> request: /portal.proxy/v1/portal/one/user
-> request: /sso/AuthenticateSSODH?ACTION=INIT
-> sso GET https://ndcdyn.interactivebrokers.com/sso/AuthenticateSSODH?ACTION=INIT
-> GET /portal.proxy/v1/portal/one/user,200|20ms
<- 200 GET https://ndcdyn.interactivebrokers.com/sso/AuthenticateSSODH?ACTION=INIT
-> request: /sso/AuthenticateSSODH?ACTION=COMPLETE&B=6c392d153c0e755d6dcf8e8e0e99d006ed45485de90d34a3e24f89d00cee6b10761d59216e7d4d01b5331ab4d7634f37aa3e18cac91f7d216cfca6bbd2bed224&CHRESPONSE=e2fd701e3623438dc68967eece36a5b87f7b0b5f
-> sso GET https://ndcdyn.interactivebrokers.com/sso/AuthenticateSSODH?ACTION=COMPLETE&B=6c392d153c0e755d6dcf8e8e0e99d006ed45485de90d34a3e24f89d00cee6b10761d59216e7d4d01b5331ab4d7634f37aa3e18cac91f7d216cfca6bbd2bed224&CHRESPONSE=e2fd701e3623438dc68967eece36a5b87f7b0b5f
-> GET /AccountManagement/OneBarAuthentication?json=1,200|289ms
-> request: /AccountManagement/OneBarPicker/Picker/Info
<- 200 GET https://ndcdyn.interactivebrokers.com/sso/AuthenticateSSODH?ACTION=COMPLETE&B=6c392d153c0e755d6dcf8e8e0e99d006ed45485de90d34a3e24f89d00cee6b10761d59216e7d4d01b5331ab4d7634f37aa3e18cac91f7d216cfca6bbd2bed224&CHRESPONSE=e2fd701e3623438dc68967eece36a5b87f7b0b5f
-> GET /AccountManagement/OneBarPicker/Picker/Info,200|40ms
-> request: /AccountManagement/OneBarPicker/Picker/Data
-> GET /AccountManagement/OneBarPicker/Picker/Data,200|40ms
-> request: /portal.proxy/v1/portal/iserver/auth/status
-> GET /portal.proxy/v1/portal/iserver/auth/status,200|28ms
-> request: /portal.proxy/v1/portal/iserver/auth/ssodh/init
-> POST https://ndcdyn.interactivebrokers.com/portal.proxy/v1/portal/iserver/auth/ssodh/init,200|62ms
-> request: /portal.proxy/v1/portal/iserver/auth/ssodh/response
-> POST https://ndcdyn.interactivebrokers.com/portal.proxy/v1/portal/iserver/auth/ssodh/response,200|33ms
-> request: /portal.proxy/v1/portal/iserver/accounts
-> GET /portal.proxy/v1/portal/iserver/accounts,200|27ms
-> client GET /v1/portal/iserver/auth/status, redirectTo /portal.proxy/v1/portal/iserver/auth/status
<- 200 GET /v1/portal/iserver/auth/status
-> request: /portal.proxy/v1/portal/tickle
-> request: /portal.proxy/v1/portal/iserver/auth/status
-> GET /portal.proxy/v1/portal/tickle,200|75ms
-> GET /portal.proxy/v1/portal/iserver/auth/status,200|79ms
-> request: /portal.proxy/v1/portal/iserver/accounts
-> GET /portal.proxy/v1/portal/iserver/accounts,200|19ms
