-> client GET /sso/Login?forwardTo=22&RL=1&ip2loc=US, redirectTo /sso/Login?forwardTo=22&RL=1&ip2loc=US
<- 200 GET /sso/Login?forwardTo=22&RL=1&ip2loc=US
-> client GET /stylesheet/web/bootstrap.v3.3.6.css, redirectTo /stylesheet/web/bootstrap.v3.3.6.css
-> client GET /sso/Login?forwardTo=22&RL=1&ip2loc=US, redirectTo /sso/Login?forwardTo=22&RL=1&ip2loc=US
-> client GET /stylesheet/web/bootstrap-switch.v3.3.2.min.css, redirectTo /stylesheet/web/bootstrap-switch.v3.3.2.min.css
-> client GET /stylesheet/web/font-awesome.v4.7.0.css, redirectTo /stylesheet/web/font-awesome.v4.7.0.css
-> client GET /stylesheet/web/switchery.min.css, redirectTo /stylesheet/web/switchery.min.css
-> client GET /stylesheet/web/ib-common.css, redirectTo /stylesheet/web/ib-common.css
<- 200 GET /stylesheet/web/bootstrap.v3.3.6.css
<- 200 GET /stylesheet/web/bootstrap-switch.v3.3.2.min.css
-> client GET /stylesheet/web/login.css, redirectTo /stylesheet/web/login.css
<- 200 GET /stylesheet/web/switchery.min.css
<- 200 GET /stylesheet/web/font-awesome.v4.7.0.css
-> client GET /scripts/common/js/2015/jquery.min.js, redirectTo /scripts/common/js/2015/jquery.min.js
-> client GET /scripts/common/js/jquery-ui-1.12.1.min.js, redirectTo /scripts/common/js/jquery-ui-1.12.1.min.js
<- 200 GET /stylesheet/web/ib-common.css
<- 200 GET /stylesheet/web/login.css
<- 200 GET /sso/Login?forwardTo=22&RL=1&ip2loc=US
<- 200 GET /scripts/common/js/2015/jquery.min.js
-> client GET /scripts/common/js/2015/bootstrap.min.js, redirectTo /scripts/common/js/2015/bootstrap.min.js
-> client GET /scripts/common/js/2015/bootstrap-switch.min.js, redirectTo /scripts/common/js/2015/bootstrap-switch.min.js
<- 200 GET /scripts/common/js/jquery-ui-1.12.1.min.js
-> client GET /scripts/common/js/switchery.min.js, redirectTo /scripts/common/js/switchery.min.js
<- 200 GET /scripts/common/js/2015/bootstrap.min.js
-> client GET /sso/CombineFiles, redirectTo /sso/CombineFiles
<- 200 GET /scripts/common/js/2015/bootstrap-switch.min.js
-> client GET /images/2015/btn-app-apple.png, redirectTo /images/2015/btn-app-apple.png
-> client GET /stylesheet/web/bootstrap.v3.3.6.css, redirectTo /stylesheet/web/bootstrap.v3.3.6.css
-> client GET /stylesheet/web/bootstrap-switch.v3.3.2.min.css, redirectTo /stylesheet/web/bootstrap-switch.v3.3.2.min.css
<- 200 GET /scripts/common/js/switchery.min.js
<- 200 GET /sso/CombineFiles
-> client GET /stylesheet/web/font-awesome.v4.7.0.css, redirectTo /stylesheet/web/font-awesome.v4.7.0.css
<- 200 GET /images/2015/btn-app-apple.png
-> client GET /stylesheet/web/switchery.min.css, redirectTo /stylesheet/web/switchery.min.css
<- 200 GET /stylesheet/web/bootstrap.v3.3.6.css
-> client GET /stylesheet/web/ib-common.css, redirectTo /stylesheet/web/ib-common.css
<- 200 GET /stylesheet/web/bootstrap-switch.v3.3.2.min.css
<- 200 GET /stylesheet/web/font-awesome.v4.7.0.css
-> client GET /stylesheet/web/login.css, redirectTo /stylesheet/web/login.css
<- 200 GET /stylesheet/web/switchery.min.css
-> client GET /scripts/common/js/2015/jquery.min.js, redirectTo /scripts/common/js/2015/jquery.min.js
-> client GET /scripts/common/js/jquery-ui-1.12.1.min.js, redirectTo /scripts/common/js/jquery-ui-1.12.1.min.js
<- 200 GET /stylesheet/web/ib-common.css
-> client GET /scripts/common/js/2015/bootstrap.min.js, redirectTo /scripts/common/js/2015/bootstrap.min.js
<- 200 GET /stylesheet/web/login.css
-> client GET /scripts/common/js/2015/bootstrap-switch.min.js, redirectTo /scripts/common/js/2015/bootstrap-switch.min.js
<- 200 GET /scripts/common/js/2015/jquery.min.js
-> client GET /sso/CombineFiles, redirectTo /sso/CombineFiles
<- 200 GET /scripts/common/js/2015/bootstrap.min.js
<- 200 GET /scripts/common/js/jquery-ui-1.12.1.min.js
-> client GET /scripts/common/js/switchery.min.js, redirectTo /scripts/common/js/switchery.min.js
<- 200 GET /scripts/common/js/2015/bootstrap-switch.min.js
-> client GET /images/2015/btn-app-google.png, redirectTo /images/2015/btn-app-google.png
-> client GET /images/2015/btn-app-apple.png, redirectTo /images/2015/btn-app-apple.png
-> client GET /images/2015/btn-app-tws.png, redirectTo /images/2015/btn-app-tws.png
<- 200 GET /sso/CombineFiles
<- 200 GET /scripts/common/js/switchery.min.js
<- 200 GET /images/2015/btn-app-google.png
-> client GET /images/2015/btn-app-google.png, redirectTo /images/2015/btn-app-google.png
-> client GET /images/2015/button_discover_apis.png, redirectTo /images/2015/button_discover_apis.png
<- 200 GET /images/2015/btn-app-apple.png
<- 200 GET /images/2015/btn-app-tws.png
<- 200 GET /images/2015/btn-app-google.png
<- 200 GET /images/2015/button_discover_apis.png
-> client GET /images/2015/button_discover_apis.png, redirectTo /images/2015/button_discover_apis.png
<- 200 GET /images/2015/button_discover_apis.png
-> client GET /images/2015/template/logo-ib-ibkr-txtwht.svg, redirectTo /images/2015/template/logo-ib-ibkr-txtwht.svg
<- 200 GET /images/2015/template/logo-ib-ibkr-txtwht.svg
-> client GET /images/2015/template/logo-ib-ibkr-txtblk.svg, redirectTo /images/2015/template/logo-ib-ibkr-txtblk.svg
-> client GET /fonts/Proxima-Nova-Light.woff2, redirectTo /fonts/Proxima-Nova-Light.woff2
-> client GET /fonts/fontawesome-webfont.woff2?v=4.6.1, redirectTo /fonts/fontawesome-webfont.woff2?v=4.6.1
-> client GET /fonts/Proxima-Nova-Semibold.woff2, redirectTo /fonts/Proxima-Nova-Semibold.woff2
-> client GET /fonts/Proxima-Nova-Regular.woff2, redirectTo /fonts/Proxima-Nova-Regular.woff2
<- 200 GET /images/2015/template/logo-ib-ibkr-txtblk.svg
<- 200 GET /fonts/fontawesome-webfont.woff2?v=4.6.1
<- 200 GET /fonts/Proxima-Nova-Regular.woff2
<- 200 GET /fonts/Proxima-Nova-Semibold.woff2
<- 200 GET /fonts/Proxima-Nova-Light.woff2
-> client GET /images/2015/template/home-screen-icon-128x128.png, redirectTo /images/2015/template/home-screen-icon-128x128.png
<- 200 GET /images/2015/template/home-screen-icon-128x128.png
-> client GET /sso/Login?forwardTo=22&RL=1&ip2loc=US, redirectTo /sso/Login?forwardTo=22&RL=1&ip2loc=US
<- 200 GET /sso/Login?forwardTo=22&RL=1&ip2loc=US
-> client GET /stylesheet/web/bootstrap.v3.3.6.css, redirectTo /stylesheet/web/bootstrap.v3.3.6.css
-> client GET /stylesheet/web/bootstrap-switch.v3.3.2.min.css, redirectTo /stylesheet/web/bootstrap-switch.v3.3.2.min.css
-> client GET /stylesheet/web/font-awesome.v4.7.0.css, redirectTo /stylesheet/web/font-awesome.v4.7.0.css
-> client GET /stylesheet/web/switchery.min.css, redirectTo /stylesheet/web/switchery.min.css
-> client GET /stylesheet/web/ib-common.css, redirectTo /stylesheet/web/ib-common.css
-> client GET /stylesheet/web/login.css, redirectTo /stylesheet/web/login.css
<- 200 GET /stylesheet/web/ib-common.css
<- 200 GET /stylesheet/web/bootstrap.v3.3.6.css
<- 200 GET /stylesheet/web/bootstrap-switch.v3.3.2.min.css
<- 200 GET /stylesheet/web/switchery.min.css
-> client GET /scripts/common/js/2015/jquery.min.js, redirectTo /scripts/common/js/2015/jquery.min.js
<- 200 GET /stylesheet/web/font-awesome.v4.7.0.css
-> client GET /scripts/common/js/jquery-ui-1.12.1.min.js, redirectTo /scripts/common/js/jquery-ui-1.12.1.min.js
-> client GET /scripts/common/js/2015/bootstrap.min.js, redirectTo /scripts/common/js/2015/bootstrap.min.js
<- 200 GET /stylesheet/web/login.css
<- 200 GET /scripts/common/js/2015/jquery.min.js
<- 200 GET /scripts/common/js/jquery-ui-1.12.1.min.js
-> client GET /scripts/common/js/2015/bootstrap-switch.min.js, redirectTo /scripts/common/js/2015/bootstrap-switch.min.js
-> client GET /scripts/common/js/switchery.min.js, redirectTo /scripts/common/js/switchery.min.js
-> client GET /sso/CombineFiles, redirectTo /sso/CombineFiles
<- 200 GET /scripts/common/js/2015/bootstrap.min.js
<- 200 GET /scripts/common/js/2015/bootstrap-switch.min.js
-> client GET /images/2015/btn-app-apple.png, redirectTo /images/2015/btn-app-apple.png
<- 200 GET /scripts/common/js/switchery.min.js
-> client GET /images/2015/btn-app-google.png, redirectTo /images/2015/btn-app-google.png
<- 200 GET /sso/CombineFiles
<- 200 GET /images/2015/btn-app-apple.png
-> client GET /images/2015/btn-app-tws.png, redirectTo /images/2015/btn-app-tws.png
<- 200 GET /images/2015/btn-app-google.png
<- 200 GET /images/2015/btn-app-tws.png
-> client GET /images/2015/button_discover_apis.png, redirectTo /images/2015/button_discover_apis.png
<- 200 GET /images/2015/button_discover_apis.png
-> client GET /images/2015/template/logo-ib-ibkr-txtwht.svg, redirectTo /images/2015/template/logo-ib-ibkr-txtwht.svg
<- 200 GET /images/2015/template/logo-ib-ibkr-txtwht.svg
-> client GET /images/2015/template/logo-ib-ibkr-txtblk.svg, redirectTo /images/2015/template/logo-ib-ibkr-txtblk.svg
-> client GET /fonts/Proxima-Nova-Light.woff2, redirectTo /fonts/Proxima-Nova-Light.woff2
-> client GET /fonts/fontawesome-webfont.woff2?v=4.6.1, redirectTo /fonts/fontawesome-webfont.woff2?v=4.6.1
-> client GET /fonts/Proxima-Nova-Semibold.woff2, redirectTo /fonts/Proxima-Nova-Semibold.woff2
<- 200 GET /images/2015/template/logo-ib-ibkr-txtblk.svg
-> client GET /fonts/Proxima-Nova-Regular.woff2, redirectTo /fonts/Proxima-Nova-Regular.woff2
<- 200 GET /fonts/Proxima-Nova-Semibold.woff2
<- 200 GET /fonts/Proxima-Nova-Light.woff2
<- 200 GET /fonts/Proxima-Nova-Regular.woff2
<- 200 GET /fonts/fontawesome-webfont.woff2?v=4.6.1
-> client GET /images/2015/template/home-screen-icon-128x128.png, redirectTo /images/2015/template/home-screen-icon-128x128.png
<- 200 GET /images/2015/template/home-screen-icon-128x128.png
-> client POST /sso/Authenticator?80026, redirectTo /sso/Authenticator?80026
<- 200 POST /sso/Authenticator?80026
-> client POST /sso/Authenticator?18742, redirectTo /sso/Authenticator?18742
<- 200 POST /sso/Authenticator?18742
-> client POST /sso/Authenticator?62256, redirectTo /sso/Authenticator?62256
<- 200 POST /sso/Authenticator?62256
-> client POST /sso/Authenticator?18957, redirectTo /sso/Authenticator?18957
<- 200 POST /sso/Authenticator?18957
-> client POST /sso/Authenticator?29780, redirectTo /sso/Authenticator?29780
<- 200 POST /sso/Authenticator?29780
-> client POST /sso/Authenticator?80979, redirectTo /sso/Authenticator?80979
<- 200 POST /sso/Authenticator?80979
-> client POST /sso/Authenticator?31246, redirectTo /sso/Authenticator?31246
<- 200 POST /sso/Authenticator?31246
-> client POST /sso/Authenticator?6758, redirectTo /sso/Authenticator?6758
<- 200 POST /sso/Authenticator?6758
-> client POST /sso/Authenticator?71820, redirectTo /sso/Authenticator?71820
<- 200 POST /sso/Authenticator?71820
-> client POST /sso/Authenticator?6807, redirectTo /sso/Authenticator?6807
<- 200 POST /sso/Authenticator?6807
-> client POST /sso/Dispatcher, redirectTo /sso/Dispatcher
<- 302 POST /sso/Dispatcher
-> request: /portal.proxy/v1/portal/sso/validate?gw=1
-> request: /AccountManagement/OneBarAuthentication?json=1
-> GET /portal.proxy/v1/portal/sso/validate?gw=1,200|96ms
-> request: /portal.proxy/v1/portal/one/user
-> request: /sso/AuthenticateSSODH?ACTION=INIT
-> sso GET https://ndcdyn.interactivebrokers.com/sso/AuthenticateSSODH?ACTION=INIT
-> GET /portal.proxy/v1/portal/one/user,200|62ms
<- 200 GET https://ndcdyn.interactivebrokers.com/sso/AuthenticateSSODH?ACTION=INIT
-> request: /sso/AuthenticateSSODH?ACTION=COMPLETE&B=7b0e879f80ca66d7244487f980a0f6a66fbe68555a77100a4f7c16d81fd6ca3ffb8f5f1e8784e3e1d5e233c5252409ecd0c4bde7c0264880fba3d4f6bb911096&CHRESPONSE=35ecbe251264bcc88113b961a69d01106f23d607
-> sso GET https://ndcdyn.interactivebrokers.com/sso/AuthenticateSSODH?ACTION=COMPLETE&B=7b0e879f80ca66d7244487f980a0f6a66fbe68555a77100a4f7c16d81fd6ca3ffb8f5f1e8784e3e1d5e233c5252409ecd0c4bde7c0264880fba3d4f6bb911096&CHRESPONSE=35ecbe251264bcc88113b961a69d01106f23d607
-> GET /AccountManagement/OneBarAuthentication?json=1,200|816ms
-> request: /AccountManagement/OneBarPicker/Picker/Info
<- 200 GET https://ndcdyn.interactivebrokers.com/sso/AuthenticateSSODH?ACTION=COMPLETE&B=7b0e879f80ca66d7244487f980a0f6a66fbe68555a77100a4f7c16d81fd6ca3ffb8f5f1e8784e3e1d5e233c5252409ecd0c4bde7c0264880fba3d4f6bb911096&CHRESPONSE=35ecbe251264bcc88113b961a69d01106f23d607
-> GET /AccountManagement/OneBarPicker/Picker/Info,200|80ms
-> request: /AccountManagement/OneBarPicker/Picker/Data
-> GET /AccountManagement/OneBarPicker/Picker/Data,200|69ms
-> request: /portal.proxy/v1/portal/iserver/auth/status
-> GET /portal.proxy/v1/portal/iserver/auth/status,200|81ms
-> request: /portal.proxy/v1/portal/iserver/auth/ssodh/init
-> POST https://ndcdyn.interactivebrokers.com/portal.proxy/v1/portal/iserver/auth/ssodh/init,200|68ms
-> request: /portal.proxy/v1/portal/iserver/auth/ssodh/response
-> POST https://ndcdyn.interactivebrokers.com/portal.proxy/v1/portal/iserver/auth/ssodh/response,200|44ms
-> request: /portal.proxy/v1/portal/iserver/accounts
-> GET /portal.proxy/v1/portal/iserver/accounts,200|43ms
-> request: /portal.proxy/v1/portal/tickle
-> request: /portal.proxy/v1/portal/iserver/auth/status
-> GET /portal.proxy/v1/portal/iserver/auth/status,200|118ms
-> request: /portal.proxy/v1/portal/iserver/accounts
-> GET /portal.proxy/v1/portal/tickle,200|126ms
-> GET /portal.proxy/v1/portal/iserver/accounts,200|113ms
-> request: /portal.proxy/v1/portal/tickle
-> request: /portal.proxy/v1/portal/iserver/auth/status
-> GET /portal.proxy/v1/portal/iserver/auth/status,200|119ms
-> request: /portal.proxy/v1/portal/iserver/accounts
-> GET /portal.proxy/v1/portal/tickle,200|129ms
-> GET /portal.proxy/v1/portal/iserver/accounts,200|89ms
-> request: /portal.proxy/v1/portal/tickle
-> request: /portal.proxy/v1/portal/iserver/auth/status
-> GET /portal.proxy/v1/portal/iserver/auth/status,200|128ms
-> request: /portal.proxy/v1/portal/iserver/accounts
-> GET /portal.proxy/v1/portal/tickle,200|145ms
-> GET /portal.proxy/v1/portal/iserver/accounts,200|94ms
-> request: /portal.proxy/v1/portal/tickle
-> request: /portal.proxy/v1/portal/iserver/auth/status
-> GET /portal.proxy/v1/portal/iserver/auth/status,200|459ms
-> request: /portal.proxy/v1/portal/iserver/accounts
-> GET /portal.proxy/v1/portal/tickle,200|465ms
-> GET /portal.proxy/v1/portal/iserver/accounts,200|91ms
-> request: /portal.proxy/v1/portal/tickle
-> request: /portal.proxy/v1/portal/iserver/auth/status
-> GET /portal.proxy/v1/portal/tickle,200|114ms
-> GET /portal.proxy/v1/portal/iserver/auth/status,200|119ms
-> request: /portal.proxy/v1/portal/iserver/accounts
-> GET /portal.proxy/v1/portal/iserver/accounts,200|29ms
-> request: /portal.proxy/v1/portal/tickle
-> request: /portal.proxy/v1/portal/iserver/auth/status
-> GET /portal.proxy/v1/portal/iserver/auth/status,200|130ms
-> request: /portal.proxy/v1/portal/iserver/accounts
-> GET /portal.proxy/v1/portal/tickle,200|146ms
-> GET /portal.proxy/v1/portal/iserver/accounts,200|80ms
-> request: /portal.proxy/v1/portal/tickle
-> request: /portal.proxy/v1/portal/iserver/auth/status
-> GET /portal.proxy/v1/portal/iserver/auth/status,200|170ms
-> request: /portal.proxy/v1/portal/iserver/accounts
-> GET /portal.proxy/v1/portal/tickle,200|189ms
-> GET /portal.proxy/v1/portal/iserver/accounts,200|298ms
-> request: /portal.proxy/v1/portal/tickle
-> request: /portal.proxy/v1/portal/iserver/auth/status
-> GET /portal.proxy/v1/portal/tickle,200|578ms
-> GET /portal.proxy/v1/portal/iserver/auth/status,200|1192ms
-> request: /portal.proxy/v1/portal/iserver/accounts
-> GET /portal.proxy/v1/portal/iserver/accounts,200|43ms
-> request: /portal.proxy/v1/portal/tickle
-> request: /portal.proxy/v1/portal/iserver/auth/status
-> GET /portal.proxy/v1/portal/iserver/auth/status,200|147ms
-> request: /portal.proxy/v1/portal/iserver/accounts
-> GET /portal.proxy/v1/portal/tickle,200|150ms
-> GET /portal.proxy/v1/portal/iserver/accounts,200|97ms
-> request: /portal.proxy/v1/portal/tickle
-> request: /portal.proxy/v1/portal/iserver/auth/status
-> GET /portal.proxy/v1/portal/iserver/auth/status,200|126ms
-> request: /portal.proxy/v1/portal/iserver/accounts
-> GET /portal.proxy/v1/portal/tickle,200|132ms
-> GET /portal.proxy/v1/portal/iserver/accounts,200|95ms
-> request: /portal.proxy/v1/portal/tickle
-> request: /portal.proxy/v1/portal/iserver/auth/status
-> GET /portal.proxy/v1/portal/iserver/auth/status,200|117ms
-> request: /portal.proxy/v1/portal/iserver/accounts
-> GET /portal.proxy/v1/portal/tickle,200|124ms
-> GET /portal.proxy/v1/portal/iserver/accounts,200|99ms
-> request: /portal.proxy/v1/portal/tickle
-> request: /portal.proxy/v1/portal/iserver/auth/status
-> GET /portal.proxy/v1/portal/tickle,200|143ms
-> GET /portal.proxy/v1/portal/iserver/auth/status,200|143ms
-> request: /portal.proxy/v1/portal/iserver/accounts
-> GET /portal.proxy/v1/portal/iserver/accounts,200|40ms
-> request: /portal.proxy/v1/portal/tickle
-> request: /portal.proxy/v1/portal/iserver/auth/status
-> GET /portal.proxy/v1/portal/tickle,200|128ms
-> GET /portal.proxy/v1/portal/iserver/auth/status,200|138ms
-> request: /portal.proxy/v1/portal/iserver/accounts
-> GET /portal.proxy/v1/portal/iserver/accounts,200|40ms
-> request: /portal.proxy/v1/portal/tickle
-> request: /portal.proxy/v1/portal/iserver/auth/status
-> GET /portal.proxy/v1/portal/iserver/auth/status,200|130ms
-> request: /portal.proxy/v1/portal/iserver/accounts
-> GET /portal.proxy/v1/portal/tickle,200|137ms
-> GET /portal.proxy/v1/portal/iserver/accounts,200|87ms
-> request: /portal.proxy/v1/portal/tickle
-> request: /portal.proxy/v1/portal/iserver/auth/status
-> GET /portal.proxy/v1/portal/iserver/auth/status,200|133ms
-> request: /portal.proxy/v1/portal/iserver/accounts
-> GET /portal.proxy/v1/portal/tickle,200|139ms
-> GET /portal.proxy/v1/portal/iserver/accounts,200|90ms
