-> client GET /sso/Login?forwardTo=22&RL=1&ip2loc=US, redirectTo /sso/Login?forwardTo=22&RL=1&ip2loc=US
<- 200 GET /sso/Login?forwardTo=22&RL=1&ip2loc=US
-> client GET /stylesheet/web/login.css, redirectTo /stylesheet/web/login.css
-> client GET /stylesheet/web/bootstrap.v3.3.6.css, redirectTo /stylesheet/web/bootstrap.v3.3.6.css
-> client GET /stylesheet/web/bootstrap-switch.v3.3.2.min.css, redirectTo /stylesheet/web/bootstrap-switch.v3.3.2.min.css
-> client GET /stylesheet/web/font-awesome.v4.7.0.css, redirectTo /stylesheet/web/font-awesome.v4.7.0.css
-> client GET /stylesheet/web/ib-common.css, redirectTo /stylesheet/web/ib-common.css
-> client GET /stylesheet/web/switchery.min.css, redirectTo /stylesheet/web/switchery.min.css
<- 200 GET /stylesheet/web/login.css
-> client GET /sso/Login?forwardTo=22&RL=1&ip2loc=US, redirectTo /sso/Login?forwardTo=22&RL=1&ip2loc=US
<- 200 GET /stylesheet/web/switchery.min.css
-> client GET /scripts/common/js/2015/jquery.min.js, redirectTo /scripts/common/js/2015/jquery.min.js
<- 200 GET /stylesheet/web/bootstrap-switch.v3.3.2.min.css
<- 200 GET /stylesheet/web/ib-common.css
<- 200 GET /stylesheet/web/font-awesome.v4.7.0.css
<- 200 GET /stylesheet/web/bootstrap.v3.3.6.css
-> client GET /scripts/common/js/jquery-ui-1.12.1.min.js, redirectTo /scripts/common/js/jquery-ui-1.12.1.min.js
<- 200 GET /scripts/common/js/2015/jquery.min.js
<- 200 GET /sso/Login?forwardTo=22&RL=1&ip2loc=US
-> client GET /stylesheet/web/bootstrap.v3.3.6.css, redirectTo /stylesheet/web/bootstrap.v3.3.6.css
-> client GET /stylesheet/web/bootstrap-switch.v3.3.2.min.css, redirectTo /stylesheet/web/bootstrap-switch.v3.3.2.min.css
<- 200 GET /scripts/common/js/jquery-ui-1.12.1.min.js
<- 200 GET /stylesheet/web/bootstrap.v3.3.6.css
-> client GET /stylesheet/web/font-awesome.v4.7.0.css, redirectTo /stylesheet/web/font-awesome.v4.7.0.css
-> client GET /stylesheet/web/switchery.min.css, redirectTo /stylesheet/web/switchery.min.css
<- 200 GET /stylesheet/web/bootstrap-switch.v3.3.2.min.css
-> client GET /stylesheet/web/ib-common.css, redirectTo /stylesheet/web/ib-common.css
-> client GET /stylesheet/web/login.css, redirectTo /stylesheet/web/login.css
<- 200 GET /stylesheet/web/font-awesome.v4.7.0.css
<- 200 GET /stylesheet/web/switchery.min.css
-> client GET /scripts/common/js/2015/jquery.min.js, redirectTo /scripts/common/js/2015/jquery.min.js
-> client GET /scripts/common/js/2015/bootstrap-switch.min.js, redirectTo /scripts/common/js/2015/bootstrap-switch.min.js
-> client GET /scripts/common/js/switchery.min.js, redirectTo /scripts/common/js/switchery.min.js
<- 200 GET /stylesheet/web/ib-common.css
<- 200 GET /stylesheet/web/login.css
-> client GET /sso/CombineFiles, redirectTo /sso/CombineFiles
-> client GET /scripts/common/js/jquery-ui-1.12.1.min.js, redirectTo /scripts/common/js/jquery-ui-1.12.1.min.js
<- 200 GET /scripts/common/js/2015/bootstrap-switch.min.js
<- 200 GET /scripts/common/js/2015/jquery.min.js
-> client GET /scripts/common/js/2015/bootstrap.min.js, redirectTo /scripts/common/js/2015/bootstrap.min.js
<- 200 GET /scripts/common/js/switchery.min.js
-> client GET /images/2015/btn-app-apple.png, redirectTo /images/2015/btn-app-apple.png
-> client GET /images/2015/btn-app-google.png, redirectTo /images/2015/btn-app-google.png
<- 200 GET /scripts/common/js/2015/bootstrap.min.js
<- 200 GET /images/2015/btn-app-apple.png
<- 200 GET /scripts/common/js/jquery-ui-1.12.1.min.js
-> client GET /images/2015/btn-app-apple.png, redirectTo /images/2015/btn-app-apple.png
<- 200 GET /sso/CombineFiles
-> client GET /scripts/common/js/2015/bootstrap.min.js, redirectTo /scripts/common/js/2015/bootstrap.min.js
<- 200 GET /images/2015/btn-app-google.png
-> client GET /scripts/common/js/2015/bootstrap-switch.min.js, redirectTo /scripts/common/js/2015/bootstrap-switch.min.js
-> client GET /images/2015/btn-app-google.png, redirectTo /images/2015/btn-app-google.png
<- 200 GET /images/2015/btn-app-apple.png
-> client GET /scripts/common/js/switchery.min.js, redirectTo /scripts/common/js/switchery.min.js
<- 200 GET /scripts/common/js/2015/bootstrap-switch.min.js
-> client GET /images/2015/btn-app-tws.png, redirectTo /images/2015/btn-app-tws.png
-> client GET /sso/CombineFiles, redirectTo /sso/CombineFiles
<- 200 GET /scripts/common/js/2015/bootstrap.min.js
-> client GET /images/2015/button_discover_apis.png, redirectTo /images/2015/button_discover_apis.png
<- 200 GET /images/2015/btn-app-google.png
<- 200 GET /images/2015/btn-app-tws.png
<- 200 GET /scripts/common/js/switchery.min.js
-> client GET /images/2015/btn-app-tws.png, redirectTo /images/2015/btn-app-tws.png
<- 200 GET /images/2015/button_discover_apis.png
-> client GET /images/2015/button_discover_apis.png, redirectTo /images/2015/button_discover_apis.png
<- 200 GET /sso/CombineFiles
<- 200 GET /images/2015/btn-app-tws.png
<- 200 GET /images/2015/button_discover_apis.png
-> client GET /images/2015/template/logo-ib-ibkr-txtwht.svg, redirectTo /images/2015/template/logo-ib-ibkr-txtwht.svg
<- 200 GET /images/2015/template/logo-ib-ibkr-txtwht.svg
-> client GET /images/2015/template/logo-ib-ibkr-txtblk.svg, redirectTo /images/2015/template/logo-ib-ibkr-txtblk.svg
<- 200 GET /images/2015/template/logo-ib-ibkr-txtblk.svg
-> client GET /fonts/Proxima-Nova-Light.woff2, redirectTo /fonts/Proxima-Nova-Light.woff2
-> client GET /fonts/fontawesome-webfont.woff2?v=4.6.1, redirectTo /fonts/fontawesome-webfont.woff2?v=4.6.1
-> client GET /fonts/Proxima-Nova-Semibold.woff2, redirectTo /fonts/Proxima-Nova-Semibold.woff2
-> client GET /fonts/Proxima-Nova-Regular.woff2, redirectTo /fonts/Proxima-Nova-Regular.woff2
<- 200 GET /fonts/Proxima-Nova-Light.woff2
<- 200 GET /fonts/Proxima-Nova-Semibold.woff2
<- 200 GET /fonts/fontawesome-webfont.woff2?v=4.6.1
<- 200 GET /fonts/Proxima-Nova-Regular.woff2
-> client POST /sso/Authenticator?96328, redirectTo /sso/Authenticator?96328
<- 200 POST /sso/Authenticator?96328
-> client POST /sso/Authenticator?94065, redirectTo /sso/Authenticator?94065
<- 200 POST /sso/Authenticator?94065
-> client POST /sso/Authenticator?44966, redirectTo /sso/Authenticator?44966
<- 200 POST /sso/Authenticator?44966
-> client POST /sso/Authenticator?20574, redirectTo /sso/Authenticator?20574
<- 200 POST /sso/Authenticator?20574
-> client POST /sso/Authenticator?57106, redirectTo /sso/Authenticator?57106
<- 200 POST /sso/Authenticator?57106
-> client POST /sso/Authenticator?28741, redirectTo /sso/Authenticator?28741
<- 200 POST /sso/Authenticator?28741
-> client POST /sso/Authenticator?73354, redirectTo /sso/Authenticator?73354
<- 200 POST /sso/Authenticator?73354
-> client POST /sso/Authenticator?49200, redirectTo /sso/Authenticator?49200
<- 200 POST /sso/Authenticator?49200
-> client POST /sso/Authenticator?68448, redirectTo /sso/Authenticator?68448
<- 200 POST /sso/Authenticator?68448
-> client POST /sso/Authenticator?78552, redirectTo /sso/Authenticator?78552
<- 200 POST /sso/Authenticator?78552
-> client POST /sso/Authenticator?27708, redirectTo /sso/Authenticator?27708
<- 200 POST /sso/Authenticator?27708
-> client POST /sso/Authenticator?98177, redirectTo /sso/Authenticator?98177
<- 200 POST /sso/Authenticator?98177
-> client POST /sso/Authenticator, redirectTo /sso/Authenticator
<- 200 POST /sso/Authenticator
-> client POST /sso/Authenticator?91037, redirectTo /sso/Authenticator?91037
<- 200 POST /sso/Authenticator?91037
-> client POST /sso/Authenticator?30599, redirectTo /sso/Authenticator?30599
<- 200 POST /sso/Authenticator?30599
-> client POST /sso/Authenticator?37513, redirectTo /sso/Authenticator?37513
<- 200 POST /sso/Authenticator?37513
-> client POST /sso/Authenticator?94427, redirectTo /sso/Authenticator?94427
<- 200 POST /sso/Authenticator?94427
-> client POST /sso/Authenticator?99004, redirectTo /sso/Authenticator?99004
<- 200 POST /sso/Authenticator?99004
-> client POST /sso/Authenticator?86189, redirectTo /sso/Authenticator?86189
<- 200 POST /sso/Authenticator?86189
-> client POST /sso/Authenticator?5220, redirectTo /sso/Authenticator?5220
<- 200 POST /sso/Authenticator?5220
-> client POST /sso/Authenticator?25959, redirectTo /sso/Authenticator?25959
<- 200 POST /sso/Authenticator?25959
-> client POST /sso/Authenticator?13046, redirectTo /sso/Authenticator?13046
<- 200 POST /sso/Authenticator?13046
-> client POST /sso/Authenticator, redirectTo /sso/Authenticator
<- 200 POST /sso/Authenticator
-> client POST /sso/Authenticator?66716, redirectTo /sso/Authenticator?66716
<- 200 POST /sso/Authenticator?66716
-> client POST /sso/Authenticator?31170, redirectTo /sso/Authenticator?31170
<- 200 POST /sso/Authenticator?31170
-> client POST /sso/Authenticator?79393, redirectTo /sso/Authenticator?79393
<- 200 POST /sso/Authenticator?79393
-> client POST /sso/Authenticator?26710, redirectTo /sso/Authenticator?26710
<- 200 POST /sso/Authenticator?26710
-> client POST /sso/Authenticator?30191, redirectTo /sso/Authenticator?30191
<- 200 POST /sso/Authenticator?30191
